#! /opt/homebrew/Cellar/icarus-verilog/12.0/bin/vvp
:ivl_version "12.0 (stable)";
:ivl_delay_selection "TYPICAL";
:vpi_time_precision + 0;
:vpi_module "/opt/homebrew/Cellar/icarus-verilog/12.0/lib/ivl/system.vpi";
:vpi_module "/opt/homebrew/Cellar/icarus-verilog/12.0/lib/ivl/vhdl_sys.vpi";
:vpi_module "/opt/homebrew/Cellar/icarus-verilog/12.0/lib/ivl/vhdl_textio.vpi";
:vpi_module "/opt/homebrew/Cellar/icarus-verilog/12.0/lib/ivl/v2005_math.vpi";
:vpi_module "/opt/homebrew/Cellar/icarus-verilog/12.0/lib/ivl/va_math.vpi";
:vpi_module "/opt/homebrew/Cellar/icarus-verilog/12.0/lib/ivl/v2009.vpi";
S_0x139ea5370 .scope package, "$unit" "$unit" 2 1;
 .timescale 0 0;
S_0x139ea5030 .scope module, "my_chip" "my_chip" 3 3;
 .timescale 0 0;
    .port_info 0 /INPUT 12 "io_in";
    .port_info 1 /OUTPUT 12 "io_out";
    .port_info 2 /INPUT 1 "clock";
    .port_info 3 /INPUT 1 "reset";
o0x140053d90 .functor BUFZ 8, C4<zzzzzzzz>; HiZ drive
; Elide local net with no drivers, v0x139ed8900_0 name=_ivl_10
o0x1400500a0 .functor BUFZ 1, C4<z>; HiZ drive
v0x139ed8990_0 .net "clock", 0 0, o0x1400500a0;  0 drivers
o0x140053dc0 .functor BUFZ 12, C4<zzzzzzzzzzzz>; HiZ drive
v0x139ed03a0_0 .net "io_in", 11 0, o0x140053dc0;  0 drivers
v0x139ed8c20_0 .net "io_out", 11 0, L_0x139edbe20;  1 drivers
o0x1400503a0 .functor BUFZ 1, C4<z>; HiZ drive
v0x139ed8cb0_0 .net "reset", 0 0, o0x1400503a0;  0 drivers
L_0x139edbd80 .part o0x140053dc0, 0, 1;
L_0x139edbe20 .concat [ 1 1 2 8], v0x139ed78d0_0, v0x139ed3db0_0, L_0x139edb6d0, o0x140053d90;
S_0x139e08390 .scope module, "top" "BobTop" 3 10, 4 3 0, S_0x139ea5030;
 .timescale 0 0;
    .port_info 0 /INPUT 1 "clock";
    .port_info 1 /INPUT 1 "reset";
    .port_info 2 /INPUT 1 "rx";
    .port_info 3 /INPUT 2 "runway_override";
    .port_info 4 /INPUT 1 "emergency_override";
    .port_info 5 /OUTPUT 1 "tx";
    .port_info 6 /OUTPUT 1 "framing_error";
    .port_info 7 /OUTPUT 2 "runway_active";
    .port_info 8 /OUTPUT 1 "emergency";
    .port_info 9 /OUTPUT 1 "receiving";
    .port_info 10 /OUTPUT 1 "sending";
v0x139ed7980_0 .net "clock", 0 0, o0x1400500a0;  alias, 0 drivers
v0x139ed7a10_0 .net "emergency", 0 0, L_0x139eda9a0;  1 drivers
o0x140053ac0 .functor BUFZ 1, C4<z>; HiZ drive
v0x139ed7aa0_0 .net "emergency_override", 0 0, o0x140053ac0;  0 drivers
v0x139ed7b30_0 .var "eo_sync", 0 0;
v0x139ed7be0_0 .var "eo_temp", 0 0;
v0x139ed7cb0_0 .net "framing_error", 0 0, v0x139ed3db0_0;  1 drivers
v0x139ed7d80_0 .net "receiving", 0 0, v0x139ed3ee0_0;  1 drivers
v0x139ed7e50_0 .net "reset", 0 0, o0x1400503a0;  alias, 0 drivers
v0x139ed7ee0_0 .var "ro_sync", 1 0;
v0x139ed7ff0_0 .var "ro_temp", 1 0;
v0x139ed8080_0 .net "runway_active", 1 0, L_0x139edb6d0;  1 drivers
o0x140053b50 .functor BUFZ 2, C4<zz>; HiZ drive
v0x139ed8110_0 .net "runway_override", 1 0, o0x140053b50;  0 drivers
v0x139ed81a0_0 .net "rx", 0 0, L_0x139edbd80;  1 drivers
v0x139ed8270_0 .net "sending", 0 0, v0x139ed68b0_0;  1 drivers
v0x139ed8340_0 .net "tx", 0 0, v0x139ed78d0_0;  1 drivers
v0x139ed83d0_0 .net "uart_rx_data", 7 0, v0x139ed4660_0;  1 drivers
v0x139ed8460_0 .net "uart_rx_valid", 0 0, v0x139ed3b80_0;  1 drivers
v0x139ed85f0_0 .net "uart_tx_data", 7 0, v0x139ece5d0_0;  1 drivers
v0x139ed8680_0 .net "uart_tx_ready", 0 0, v0x139ed6450_0;  1 drivers
v0x139ed8790_0 .net "uart_tx_send", 0 0, v0x139ecb970_0;  1 drivers
S_0x139e08500 .scope module, "bobby" "Bob" 4 66, 4 80 0, S_0x139e08390;
 .timescale 0 0;
    .port_info 0 /INPUT 1 "clock";
    .port_info 1 /INPUT 1 "reset";
    .port_info 2 /INPUT 8 "uart_rx_data";
    .port_info 3 /INPUT 1 "uart_rx_valid";
    .port_info 4 /INPUT 2 "runway_override";
    .port_info 5 /INPUT 1 "emergency_override";
    .port_info 6 /OUTPUT 8 "uart_tx_data";
    .port_info 7 /INPUT 1 "uart_tx_ready";
    .port_info 8 /OUTPUT 1 "uart_tx_send";
    .port_info 9 /OUTPUT 2 "runway_active";
    .port_info 10 /OUTPUT 1 "emergency_out";
L_0x139eda9a0 .functor OR 1, v0x139ed04a0_0, v0x139ed7b30_0, C4<0>, C4<0>;
v0x139ecfe80_0 .net *"_ivl_0", 3 0, L_0x139ed9bb0;  1 drivers
v0x139ecff10_0 .net *"_ivl_2", 2 0, L_0x139ed9c90;  1 drivers
v0x139ecffa0_0 .net *"_ivl_4", 0 0, L_0x139ed9db0;  1 drivers
v0x139ed0030_0 .net "all_id", 15 0, L_0x139edaa20;  1 drivers
v0x139ed0100_0 .var "cleared_id_to_lock", 3 0;
v0x139ed01d0_0 .net "cleared_landing_id", 3 0, v0x139ecab30_0;  1 drivers
v0x139ed0260_0 .net "cleared_takeoff_id", 3 0, v0x139ecd470_0;  1 drivers
v0x139ed0310_0 .net "clock", 0 0, o0x1400500a0;  alias, 0 drivers
v0x139ed04a0_0 .var "emergency", 0 0;
v0x139ed0530_0 .var "emergency_id", 3 0;
v0x139ed05e0_0 .net "emergency_out", 0 0, L_0x139eda9a0;  alias, 1 drivers
v0x139ed0670_0 .net "emergency_override", 0 0, v0x139ed7b30_0;  1 drivers
v0x139ed0700_0 .net "id_full", 0 0, L_0x139edab00;  1 drivers
v0x139ed07d0_0 .var "id_in", 3 0;
v0x139ed0860_0 .net "landing_fifo_empty", 0 0, L_0x139eda600;  1 drivers
v0x139ed0930_0 .net "landing_fifo_full", 0 0, L_0x139eda7e0;  1 drivers
v0x139ed0a00_0 .net "lock", 0 0, v0x139ec79a0_0;  1 drivers
v0x139ed0bd0_0 .net "new_id", 3 0, L_0x139edaa90;  1 drivers
v0x139ed0c60_0 .net "queue_landing_plane", 0 0, v0x139ec7cf0_0;  1 drivers
v0x139ed0cf0_0 .net "queue_reply", 0 0, v0x139ec7d90_0;  1 drivers
v0x139ed0d80_0 .net "queue_takeoff_plane", 0 0, v0x139ec7e30_0;  1 drivers
v0x139ed0e50_0 .net "release_id", 0 0, v0x139ec7fc0_0;  1 drivers
v0x139ed0f20_0 .net "reply_fifo_empty", 0 0, L_0x139edb0e0;  1 drivers
v0x139ed0ff0_0 .net "reply_fifo_full", 0 0, L_0x139edb340;  1 drivers
v0x139ed10c0_0 .var "reply_to_send", 7 0;
v0x139ed1150_0 .net "reset", 0 0, o0x1400503a0;  alias, 0 drivers
v0x139ed12e0_0 .net "runway", 9 0, v0x139ecc640_0;  1 drivers
v0x139ed13b0_0 .net "runway_active", 1 0, L_0x139edb6d0;  alias, 1 drivers
v0x139ed1440_0 .net "runway_id", 0 0, v0x139ec8370_0;  1 drivers
v0x139ed14d0_0 .net "runway_override", 1 0, v0x139ed7ee0_0;  1 drivers
v0x139ed1560_0 .net "sel_diverted_id", 0 0, v0x139ec8410_0;  1 drivers
v0x139ed15f0_0 .net "sel_takeoff_id_lock", 0 0, v0x139ec84b0_0;  1 drivers
v0x139ed1680_0 .net "send_clear", 1 0, v0x139ec8550_0;  1 drivers
v0x139ed0a90_0 .net "send_divert", 0 0, v0x139ec8600_0;  1 drivers
v0x139ed1910_0 .net "send_divert_landing", 0 0, v0x139ec86a0_0;  1 drivers
v0x139ed19a0_0 .net "send_hold", 0 0, v0x139ec8740_0;  1 drivers
v0x139ed1a30_0 .net "send_invalid_id", 0 0, v0x139ec87e0_0;  1 drivers
v0x139ed1ac0_0 .net "send_reply", 0 0, v0x139ecb750_0;  1 drivers
v0x139ed1b50_0 .net "send_say_ag", 0 0, v0x139ec8880_0;  1 drivers
v0x139ed1be0_0 .net "send_valid_id", 0 0, v0x139ec8920_0;  1 drivers
v0x139ed1c70_0 .net "set_emergency", 0 0, v0x139ec7ed0_0;  1 drivers
v0x139ed1d00_0 .net "take_id", 0 0, v0x139ec8c40_0;  1 drivers
v0x139ed1dd0_0 .net "takeoff_fifo_empty", 0 0, L_0x139ed9fb0;  1 drivers
v0x139ed1ea0_0 .net "takeoff_fifo_full", 0 0, L_0x139eda210;  1 drivers
v0x139ed1f70_0 .net "uart_empty", 0 0, L_0x139ed9750;  1 drivers
v0x139ed2040_0 .net "uart_rd_request", 0 0, v0x139ec8f30_0;  1 drivers
v0x139ed2110_0 .net "uart_request", 7 0, L_0x139ed9ab0;  1 drivers
v0x139ed21a0_0 .net "uart_rx_data", 7 0, v0x139ed4660_0;  alias, 1 drivers
v0x139ed2230_0 .net "uart_rx_valid", 0 0, v0x139ed3b80_0;  alias, 1 drivers
v0x139ed22c0_0 .net "uart_tx_data", 7 0, v0x139ece5d0_0;  alias, 1 drivers
v0x139ed2350_0 .net "uart_tx_ready", 0 0, v0x139ed6450_0;  alias, 1 drivers
v0x139ed23e0_0 .net "uart_tx_send", 0 0, v0x139ecb970_0;  alias, 1 drivers
v0x139ed2470_0 .net "unlock", 0 0, v0x139ec9080_0;  1 drivers
v0x139ed2540_0 .net "unqueue_landing_plane", 0 0, v0x139ec9120_0;  1 drivers
v0x139ed2610_0 .net "unqueue_takeoff_plane", 0 0, v0x139ec91c0_0;  1 drivers
v0x139ed26e0_0 .net "unset_emergency", 0 0, v0x139ec9260_0;  1 drivers
E_0x139e5a3e0 .event anyedge, v0x139ec84b0_0, v0x139ecd470_0, v0x139ecab30_0;
E_0x139e4ee70 .event anyedge, v0x139ec8410_0, v0x139ecab30_0, v0x139ec8fd0_0;
L_0x139ed9ab0 .concat8 [ 1 3 4 0], L_0x139ed9db0, L_0x139ed9c90, L_0x139ed9bb0;
L_0x139ed9bb0 .part v0x139ecf730_0, 4, 4;
L_0x139ed9c90 .part v0x139ecf730_0, 1, 3;
L_0x139ed9db0 .part v0x139ecf730_0, 0, 1;
L_0x139eda330 .part L_0x139ed9ab0, 4, 4;
L_0x139eda900 .part L_0x139ed9ab0, 4, 4;
L_0x139edbb60 .part L_0x139ed9ab0, 4, 4;
S_0x139e59b40 .scope module, "fsm" "ReadRequestFsm" 4 200, 4 335 0, S_0x139e08500;
 .timescale 0 0;
    .port_info 0 /INPUT 1 "clock";
    .port_info 1 /INPUT 1 "reset";
    .port_info 2 /INPUT 1 "uart_empty";
    .port_info 3 /INPUT 8 "uart_request";
    .port_info 4 /INPUT 1 "takeoff_fifo_full";
    .port_info 5 /INPUT 1 "landing_fifo_full";
    .port_info 6 /INPUT 1 "takeoff_fifo_empty";
    .port_info 7 /INPUT 1 "landing_fifo_empty";
    .port_info 8 /INPUT 1 "reply_fifo_full";
    .port_info 9 /INPUT 2 "runway_active";
    .port_info 10 /INPUT 1 "emergency";
    .port_info 11 /INPUT 16 "all_id";
    .port_info 12 /INPUT 1 "id_full";
    .port_info 13 /INPUT 4 "emergency_id";
    .port_info 14 /INPUT 10 "runway";
    .port_info 15 /OUTPUT 1 "uart_rd_request";
    .port_info 16 /OUTPUT 1 "queue_takeoff_plane";
    .port_info 17 /OUTPUT 1 "queue_landing_plane";
    .port_info 18 /OUTPUT 1 "unqueue_takeoff_plane";
    .port_info 19 /OUTPUT 1 "unqueue_landing_plane";
    .port_info 20 /OUTPUT 2 "send_clear";
    .port_info 21 /OUTPUT 1 "send_hold";
    .port_info 22 /OUTPUT 1 "send_say_ag";
    .port_info 23 /OUTPUT 1 "send_divert";
    .port_info 24 /OUTPUT 1 "send_divert_landing";
    .port_info 25 /OUTPUT 1 "send_invalid_id";
    .port_info 26 /OUTPUT 1 "send_valid_id";
    .port_info 27 /OUTPUT 1 "queue_reply";
    .port_info 28 /OUTPUT 1 "lock";
    .port_info 29 /OUTPUT 1 "unlock";
    .port_info 30 /OUTPUT 1 "runway_id";
    .port_info 31 /OUTPUT 1 "set_emergency";
    .port_info 32 /OUTPUT 1 "unset_emergency";
    .port_info 33 /OUTPUT 1 "take_id";
    .port_info 34 /OUTPUT 1 "release_id";
    .port_info 35 /OUTPUT 1 "sel_takeoff_id_lock";
    .port_info 36 /OUTPUT 1 "sel_diverted_id";
v0x139e96f50_0 .net *"_ivl_5", 0 0, L_0x139edad60;  1 drivers
L_0x1400885f8 .functor BUFT 1, C4<0>, C4<0>, C4<0>, C4<0>;
v0x139ec73b0_0 .net *"_ivl_9", 0 0, L_0x1400885f8;  1 drivers
v0x139ec7460_0 .net "all_id", 15 0, L_0x139edaa20;  alias, 1 drivers
v0x139ec7520_0 .net "clock", 0 0, o0x1400500a0;  alias, 0 drivers
v0x139ec75c0_0 .net "emergency", 0 0, L_0x139eda9a0;  alias, 1 drivers
v0x139ec76a0_0 .net "emergency_id", 3 0, v0x139ed0530_0;  1 drivers
v0x139ec7750_0 .net "id_full", 0 0, L_0x139edab00;  alias, 1 drivers
v0x139ec77f0_0 .net "landing_fifo_empty", 0 0, L_0x139eda600;  alias, 1 drivers
v0x139ec7890_0 .net "landing_fifo_full", 0 0, L_0x139eda7e0;  alias, 1 drivers
v0x139ec79a0_0 .var "lock", 0 0;
v0x139ec7a30_0 .net "msg_action", 1 0, L_0x139edae40;  1 drivers
v0x139ec7ae0_0 .net "msg_type", 2 0, L_0x139edacc0;  1 drivers
v0x139ec7b90_0 .var "next_state", 2 0;
v0x139ec7c40_0 .net "plane_id", 3 0, L_0x139edac20;  1 drivers
v0x139ec7cf0_0 .var "queue_landing_plane", 0 0;
v0x139ec7d90_0 .var "queue_reply", 0 0;
v0x139ec7e30_0 .var "queue_takeoff_plane", 0 0;
v0x139ec7fc0_0 .var "release_id", 0 0;
v0x139ec8050_0 .net "reply_fifo_full", 0 0, L_0x139edb340;  alias, 1 drivers
v0x139ec80e0_0 .net "reset", 0 0, o0x1400503a0;  alias, 0 drivers
v0x139ec8170_0 .var "reverse_takeoff_first", 0 0;
v0x139ec8210_0 .net "runway", 9 0, v0x139ecc640_0;  alias, 1 drivers
v0x139ec82c0_0 .net "runway_active", 1 0, L_0x139edb6d0;  alias, 1 drivers
v0x139ec8370_0 .var "runway_id", 0 0;
v0x139ec8410_0 .var "sel_diverted_id", 0 0;
v0x139ec84b0_0 .var "sel_takeoff_id_lock", 0 0;
v0x139ec8550_0 .var "send_clear", 1 0;
v0x139ec8600_0 .var "send_divert", 0 0;
v0x139ec86a0_0 .var "send_divert_landing", 0 0;
v0x139ec8740_0 .var "send_hold", 0 0;
v0x139ec87e0_0 .var "send_invalid_id", 0 0;
v0x139ec8880_0 .var "send_say_ag", 0 0;
v0x139ec8920_0 .var "send_valid_id", 0 0;
v0x139ec7ed0_0 .var "set_emergency", 0 0;
v0x139ec8bb0_0 .var "state", 2 0;
v0x139ec8c40_0 .var "take_id", 0 0;
v0x139ec8cd0_0 .net "takeoff_fifo_empty", 0 0, L_0x139ed9fb0;  alias, 1 drivers
v0x139ec8d60_0 .net "takeoff_fifo_full", 0 0, L_0x139eda210;  alias, 1 drivers
v0x139ec8df0_0 .var "takeoff_first", 0 0;
v0x139ec8e90_0 .net "uart_empty", 0 0, L_0x139ed9750;  alias, 1 drivers
v0x139ec8f30_0 .var "uart_rd_request", 0 0;
v0x139ec8fd0_0 .net "uart_request", 7 0, L_0x139ed9ab0;  alias, 1 drivers
v0x139ec9080_0 .var "unlock", 0 0;
v0x139ec9120_0 .var "unqueue_landing_plane", 0 0;
v0x139ec91c0_0 .var "unqueue_takeoff_plane", 0 0;
v0x139ec9260_0 .var "unset_emergency", 0 0;
E_0x139e40db0 .event posedge, v0x139ec7520_0;
E_0x139e3ea70/0 .event anyedge, v0x139ec8bb0_0, v0x139ec8e90_0, v0x139ec75c0_0, v0x139ec77f0_0;
E_0x139e3ea70/1 .event anyedge, v0x139ec82c0_0, v0x139ec8cd0_0, v0x139ec8df0_0, v0x139ec7ae0_0;
E_0x139e3ea70/2 .event anyedge, v0x139ec7c40_0, v0x139ec7460_0, v0x139ec7a30_0, v0x139ec8d60_0;
E_0x139e3ea70/3 .event anyedge, v0x139ec7890_0, v0x139ec8210_0, v0x139ec76a0_0, v0x139ec7750_0;
E_0x139e3ea70/4 .event anyedge, v0x139ec8050_0;
E_0x139e3ea70 .event/or E_0x139e3ea70/0, E_0x139e3ea70/1, E_0x139e3ea70/2, E_0x139e3ea70/3, E_0x139e3ea70/4;
L_0x139edac20 .part L_0x139ed9ab0, 4, 4;
L_0x139edacc0 .part L_0x139ed9ab0, 1, 3;
L_0x139edad60 .part L_0x139ed9ab0, 0, 1;
L_0x139edae40 .concat [ 1 1 0 0], L_0x139edad60, L_0x1400885f8;
S_0x139ec9680 .scope module, "id_manager" "AircraftIDManager" 4 190, 4 792 0, S_0x139e08500;
 .timescale 0 0;
    .port_info 0 /INPUT 1 "clock";
    .port_info 1 /INPUT 1 "reset";
    .port_info 2 /INPUT 4 "id_in";
    .port_info 3 /INPUT 1 "release_id";
    .port_info 4 /INPUT 1 "take_id";
    .port_info 5 /OUTPUT 4 "id_out";
    .port_info 6 /OUTPUT 16 "all_id";
    .port_info 7 /OUTPUT 1 "full";
L_0x139edaa20 .functor BUFZ 16, v0x139ec9f50_0, C4<0000000000000000>, C4<0000000000000000>, C4<0000000000000000>;
L_0x139edaa90 .functor BUFZ 4, v0x139ec9af0_0, C4<0000>, C4<0000>, C4<0000>;
L_0x1400885b0 .functor BUFT 1, C4<1111111111111111>, C4<0>, C4<0>, C4<0>;
v0x139ec97f0_0 .net/2u *"_ivl_4", 15 0, L_0x1400885b0;  1 drivers
v0x139ec98b0_0 .net "all_id", 15 0, L_0x139edaa20;  alias, 1 drivers
v0x139ec9970_0 .net "clock", 0 0, o0x1400500a0;  alias, 0 drivers
v0x139ec9a40_0 .net "full", 0 0, L_0x139edab00;  alias, 1 drivers
v0x139ec9af0_0 .var "id_avail", 3 0;
v0x139ec9bc0_0 .net "id_in", 3 0, v0x139ed07d0_0;  1 drivers
v0x139ec9c50_0 .net "id_out", 3 0, L_0x139edaa90;  alias, 1 drivers
v0x139ec9d00_0 .net "release_id", 0 0, v0x139ec7fc0_0;  alias, 1 drivers
v0x139ec9d90_0 .net "reset", 0 0, o0x1400503a0;  alias, 0 drivers
v0x139ec9ec0_0 .net "take_id", 0 0, v0x139ec8c40_0;  alias, 1 drivers
v0x139ec9f50_0 .var "taken_id", 15 0;
E_0x139ec7960 .event anyedge, v0x139ec9f50_0;
L_0x139edab00 .cmp/eq 16, v0x139ec9f50_0, L_0x1400885b0;
S_0x139eca070 .scope module, "landing_fifo" "FIFO" 4 168, 4 696 0, S_0x139e08500;
 .timescale 0 0;
    .port_info 0 /INPUT 1 "clock";
    .port_info 1 /INPUT 1 "reset";
    .port_info 2 /INPUT 4 "data_in";
    .port_info 3 /INPUT 1 "we";
    .port_info 4 /INPUT 1 "re";
    .port_info 5 /OUTPUT 4 "data_out";
    .port_info 6 /OUTPUT 1 "full";
    .port_info 7 /OUTPUT 1 "empty";
P_0x139eca250 .param/l "DEPTH" 0 4 707, +C4<00000000000000000000000000001000>;
P_0x139eca290 .param/l "WIDTH" 0 4 706, +C4<00000000000000000000000000000100>;
v0x139eca4d0_0 .net *"_ivl_0", 31 0, L_0x139eda400;  1 drivers
L_0x140088520 .functor BUFT 1, C4<0000000000000000000000000000>, C4<0>, C4<0>, C4<0>;
v0x139eca580_0 .net *"_ivl_11", 27 0, L_0x140088520;  1 drivers
L_0x140088568 .functor BUFT 1, C4<00000000000000000000000000001000>, C4<0>, C4<0>, C4<0>;
v0x139eca620_0 .net/2u *"_ivl_12", 31 0, L_0x140088568;  1 drivers
L_0x140088490 .functor BUFT 1, C4<0000000000000000000000000000>, C4<0>, C4<0>, C4<0>;
v0x139eca6b0_0 .net *"_ivl_3", 27 0, L_0x140088490;  1 drivers
L_0x1400884d8 .functor BUFT 1, C4<00000000000000000000000000000000>, C4<0>, C4<0>, C4<0>;
v0x139eca740_0 .net/2u *"_ivl_4", 31 0, L_0x1400884d8;  1 drivers
v0x139eca810_0 .net *"_ivl_8", 31 0, L_0x139eda6a0;  1 drivers
v0x139eca8c0_0 .net "clock", 0 0, o0x1400500a0;  alias, 0 drivers
v0x139eca990_0 .var "count", 3 0;
v0x139ecaa20_0 .net "data_in", 3 0, L_0x139eda900;  1 drivers
v0x139ecab30_0 .var "data_out", 3 0;
v0x139ecabe0_0 .net "empty", 0 0, L_0x139eda600;  alias, 1 drivers
v0x139ecac90_0 .net "full", 0 0, L_0x139eda7e0;  alias, 1 drivers
v0x139ecad20_0 .var "get_ptr", 2 0;
v0x139ecadb0_0 .var "put_ptr", 2 0;
v0x139ecae40_0 .var "queue", 31 0;
v0x139ecaef0_0 .net "re", 0 0, v0x139ec9120_0;  alias, 1 drivers
v0x139ecafa0_0 .net "reset", 0 0, o0x1400503a0;  alias, 0 drivers
v0x139ecb170_0 .net "we", 0 0, v0x139ec7cf0_0;  alias, 1 drivers
L_0x139eda400 .concat [ 4 28 0 0], v0x139eca990_0, L_0x140088490;
L_0x139eda600 .cmp/eq 32, L_0x139eda400, L_0x1400884d8;
L_0x139eda6a0 .concat [ 4 28 0 0], v0x139eca990_0, L_0x140088520;
L_0x139eda7e0 .cmp/eq 32, L_0x139eda6a0, L_0x140088568;
S_0x139ecb220 .scope module, "reply_fsm" "SendReplyFsm" 4 297, 4 656 0, S_0x139e08500;
 .timescale 0 0;
    .port_info 0 /INPUT 1 "clock";
    .port_info 1 /INPUT 1 "reset";
    .port_info 2 /INPUT 1 "uart_tx_ready";
    .port_info 3 /INPUT 1 "reply_fifo_empty";
    .port_info 4 /OUTPUT 1 "send_reply";
    .port_info 5 /OUTPUT 1 "uart_tx_send";
v0x139ecb4d0_0 .net "clock", 0 0, o0x1400500a0;  alias, 0 drivers
v0x139ecb570_0 .var "next_state", 0 0;
v0x139ecb610_0 .net "reply_fifo_empty", 0 0, L_0x139edb0e0;  alias, 1 drivers
v0x139ecb6c0_0 .net "reset", 0 0, o0x1400503a0;  alias, 0 drivers
v0x139ecb750_0 .var "send_reply", 0 0;
v0x139ecb830_0 .var "state", 0 0;
v0x139ecb8d0_0 .net "uart_tx_ready", 0 0, v0x139ed6450_0;  alias, 1 drivers
v0x139ecb970_0 .var "uart_tx_send", 0 0;
E_0x139eca3d0 .event anyedge, v0x139ecb830_0, v0x139ecb610_0, v0x139ecb8d0_0;
S_0x139ecbaa0 .scope module, "runway_manager" "RunwayManager" 4 310, 4 746 0, S_0x139e08500;
 .timescale 0 0;
    .port_info 0 /INPUT 1 "clock";
    .port_info 1 /INPUT 1 "reset";
    .port_info 2 /INPUT 4 "plane_id_unlock";
    .port_info 3 /INPUT 4 "plane_id_lock";
    .port_info 4 /INPUT 1 "runway_id";
    .port_info 5 /INPUT 1 "lock";
    .port_info 6 /INPUT 1 "unlock";
    .port_info 7 /INPUT 2 "runway_override";
    .port_info 8 /OUTPUT 2 "runway_active";
    .port_info 9 /OUTPUT 10 "runway";
L_0x139edb5a0 .functor OR 1, L_0x139edb460, L_0x139edb500, C4<0>, C4<0>;
L_0x139edba70 .functor OR 1, L_0x139edb7f0, L_0x139edb930, C4<0>, C4<0>;
v0x139ecbde0_0 .net *"_ivl_12", 0 0, L_0x139edb7f0;  1 drivers
v0x139ecbe70_0 .net *"_ivl_14", 0 0, L_0x139edb930;  1 drivers
v0x139ecbf00_0 .net *"_ivl_15", 0 0, L_0x139edba70;  1 drivers
v0x139ecbfa0_0 .net *"_ivl_3", 0 0, L_0x139edb460;  1 drivers
v0x139ecc050_0 .net *"_ivl_5", 0 0, L_0x139edb500;  1 drivers
v0x139ecc140_0 .net *"_ivl_6", 0 0, L_0x139edb5a0;  1 drivers
v0x139ecc1f0_0 .net "clock", 0 0, o0x1400500a0;  alias, 0 drivers
v0x139ecc300_0 .net "lock", 0 0, v0x139ec79a0_0;  alias, 1 drivers
v0x139ecc390_0 .net "plane_id_lock", 3 0, v0x139ed0100_0;  1 drivers
v0x139ecc4a0_0 .net "plane_id_unlock", 3 0, L_0x139edbb60;  1 drivers
v0x139ecc530_0 .net "reset", 0 0, o0x1400503a0;  alias, 0 drivers
v0x139ecc640_0 .var "runway", 9 0;
v0x139ecc6d0_0 .net "runway_active", 1 0, L_0x139edb6d0;  alias, 1 drivers
v0x139ecc760_0 .net "runway_id", 0 0, v0x139ec8370_0;  alias, 1 drivers
v0x139ecc7f0_0 .net "runway_override", 1 0, v0x139ed7ee0_0;  alias, 1 drivers
v0x139ecc880_0 .net "unlock", 0 0, v0x139ec9080_0;  alias, 1 drivers
L_0x139edb460 .part v0x139ecc640_0, 0, 1;
L_0x139edb500 .part v0x139ed7ee0_0, 0, 1;
L_0x139edb6d0 .concat8 [ 1 1 0 0], L_0x139edb5a0, L_0x139edba70;
L_0x139edb7f0 .part v0x139ecc640_0, 5, 1;
L_0x139edb930 .part v0x139ed7ee0_0, 1, 1;
S_0x139ecc9f0 .scope module, "takeoff_fifo" "FIFO" 4 155, 4 696 0, S_0x139e08500;
 .timescale 0 0;
    .port_info 0 /INPUT 1 "clock";
    .port_info 1 /INPUT 1 "reset";
    .port_info 2 /INPUT 4 "data_in";
    .port_info 3 /INPUT 1 "we";
    .port_info 4 /INPUT 1 "re";
    .port_info 5 /OUTPUT 4 "data_out";
    .port_info 6 /OUTPUT 1 "full";
    .port_info 7 /OUTPUT 1 "empty";
P_0x139eccb60 .param/l "DEPTH" 0 4 707, +C4<00000000000000000000000000001000>;
P_0x139eccba0 .param/l "WIDTH" 0 4 706, +C4<00000000000000000000000000000100>;
v0x139ecce20_0 .net *"_ivl_0", 31 0, L_0x139ed9e90;  1 drivers
L_0x140088400 .functor BUFT 1, C4<0000000000000000000000000000>, C4<0>, C4<0>, C4<0>;
v0x139eccee0_0 .net *"_ivl_11", 27 0, L_0x140088400;  1 drivers
L_0x140088448 .functor BUFT 1, C4<00000000000000000000000000001000>, C4<0>, C4<0>, C4<0>;
v0x139eccf80_0 .net/2u *"_ivl_12", 31 0, L_0x140088448;  1 drivers
L_0x140088370 .functor BUFT 1, C4<0000000000000000000000000000>, C4<0>, C4<0>, C4<0>;
v0x139ecd010_0 .net *"_ivl_3", 27 0, L_0x140088370;  1 drivers
L_0x1400883b8 .functor BUFT 1, C4<00000000000000000000000000000000>, C4<0>, C4<0>, C4<0>;
v0x139ecd0a0_0 .net/2u *"_ivl_4", 31 0, L_0x1400883b8;  1 drivers
v0x139ecd170_0 .net *"_ivl_8", 31 0, L_0x139eda0d0;  1 drivers
v0x139ecd220_0 .net "clock", 0 0, o0x1400500a0;  alias, 0 drivers
v0x139ecd2b0_0 .var "count", 3 0;
v0x139ecd360_0 .net "data_in", 3 0, L_0x139eda330;  1 drivers
v0x139ecd470_0 .var "data_out", 3 0;
v0x139ecd520_0 .net "empty", 0 0, L_0x139ed9fb0;  alias, 1 drivers
v0x139ecd5d0_0 .net "full", 0 0, L_0x139eda210;  alias, 1 drivers
v0x139ecd660_0 .var "get_ptr", 2 0;
v0x139ecd6f0_0 .var "put_ptr", 2 0;
v0x139ecd780_0 .var "queue", 31 0;
v0x139ecd830_0 .net "re", 0 0, v0x139ec91c0_0;  alias, 1 drivers
v0x139ecd8e0_0 .net "reset", 0 0, o0x1400503a0;  alias, 0 drivers
v0x139ecda70_0 .net "we", 0 0, v0x139ec7e30_0;  alias, 1 drivers
L_0x139ed9e90 .concat [ 4 28 0 0], v0x139ecd2b0_0, L_0x140088370;
L_0x139ed9fb0 .cmp/eq 32, L_0x139ed9e90, L_0x1400883b8;
L_0x139eda0d0 .concat [ 4 28 0 0], v0x139ecd2b0_0, L_0x140088400;
L_0x139eda210 .cmp/eq 32, L_0x139eda0d0, L_0x140088448;
S_0x139ecdb40 .scope module, "uart_replies" "FIFO" 4 287, 4 696 0, S_0x139e08500;
 .timescale 0 0;
    .port_info 0 /INPUT 1 "clock";
    .port_info 1 /INPUT 1 "reset";
    .port_info 2 /INPUT 8 "data_in";
    .port_info 3 /INPUT 1 "we";
    .port_info 4 /INPUT 1 "re";
    .port_info 5 /OUTPUT 8 "data_out";
    .port_info 6 /OUTPUT 1 "full";
    .port_info 7 /OUTPUT 1 "empty";
P_0x139ecdd00 .param/l "DEPTH" 0 4 707, +C4<00000000000000000000000000000100>;
P_0x139ecdd40 .param/l "WIDTH" 0 4 706, +C4<00000000000000000000000000001000>;
v0x139ecdf80_0 .net *"_ivl_0", 31 0, L_0x139edafa0;  1 drivers
L_0x1400886d0 .functor BUFT 1, C4<00000000000000000000000000000>, C4<0>, C4<0>, C4<0>;
v0x139ece040_0 .net *"_ivl_11", 28 0, L_0x1400886d0;  1 drivers
L_0x140088718 .functor BUFT 1, C4<00000000000000000000000000000100>, C4<0>, C4<0>, C4<0>;
v0x139ece0e0_0 .net/2u *"_ivl_12", 31 0, L_0x140088718;  1 drivers
L_0x140088640 .functor BUFT 1, C4<00000000000000000000000000000>, C4<0>, C4<0>, C4<0>;
v0x139ece170_0 .net *"_ivl_3", 28 0, L_0x140088640;  1 drivers
L_0x140088688 .functor BUFT 1, C4<00000000000000000000000000000000>, C4<0>, C4<0>, C4<0>;
v0x139ece200_0 .net/2u *"_ivl_4", 31 0, L_0x140088688;  1 drivers
v0x139ece2d0_0 .net *"_ivl_8", 31 0, L_0x139edb200;  1 drivers
v0x139ece380_0 .net "clock", 0 0, o0x1400500a0;  alias, 0 drivers
v0x139ece410_0 .var "count", 2 0;
v0x139ece4c0_0 .net "data_in", 7 0, v0x139ed10c0_0;  1 drivers
v0x139ece5d0_0 .var "data_out", 7 0;
v0x139ece680_0 .net "empty", 0 0, L_0x139edb0e0;  alias, 1 drivers
v0x139ece730_0 .net "full", 0 0, L_0x139edb340;  alias, 1 drivers
v0x139ece7c0_0 .var "get_ptr", 1 0;
v0x139ece850_0 .var "put_ptr", 1 0;
v0x139ece8e0_0 .var "queue", 31 0;
v0x139ece990_0 .net "re", 0 0, v0x139ecb750_0;  alias, 1 drivers
v0x139ecea40_0 .net "reset", 0 0, o0x1400503a0;  alias, 0 drivers
v0x139ecebd0_0 .net "we", 0 0, v0x139ec7d90_0;  alias, 1 drivers
L_0x139edafa0 .concat [ 3 29 0 0], v0x139ece410_0, L_0x140088640;
L_0x139edb0e0 .cmp/eq 32, L_0x139edafa0, L_0x140088688;
L_0x139edb200 .concat [ 3 29 0 0], v0x139ece410_0, L_0x1400886d0;
L_0x139edb340 .cmp/eq 32, L_0x139edb200, L_0x140088718;
S_0x139ececa0 .scope module, "uart_requests" "FIFO" 4 142, 4 696 0, S_0x139e08500;
 .timescale 0 0;
    .port_info 0 /INPUT 1 "clock";
    .port_info 1 /INPUT 1 "reset";
    .port_info 2 /INPUT 8 "data_in";
    .port_info 3 /INPUT 1 "we";
    .port_info 4 /INPUT 1 "re";
    .port_info 5 /OUTPUT 8 "data_out";
    .port_info 6 /OUTPUT 1 "full";
    .port_info 7 /OUTPUT 1 "empty";
P_0x139ecee60 .param/l "DEPTH" 0 4 707, +C4<00000000000000000000000000000100>;
P_0x139eceea0 .param/l "WIDTH" 0 4 706, +C4<00000000000000000000000000001000>;
v0x139ecf0e0_0 .net *"_ivl_0", 31 0, L_0x139ed95b0;  1 drivers
L_0x1400882e0 .functor BUFT 1, C4<00000000000000000000000000000>, C4<0>, C4<0>, C4<0>;
v0x139ecf1a0_0 .net *"_ivl_11", 28 0, L_0x1400882e0;  1 drivers
L_0x140088328 .functor BUFT 1, C4<00000000000000000000000000000100>, C4<0>, C4<0>, C4<0>;
v0x139ecf240_0 .net/2u *"_ivl_12", 31 0, L_0x140088328;  1 drivers
L_0x140088250 .functor BUFT 1, C4<00000000000000000000000000000>, C4<0>, C4<0>, C4<0>;
v0x139ecf2d0_0 .net *"_ivl_3", 28 0, L_0x140088250;  1 drivers
L_0x140088298 .functor BUFT 1, C4<00000000000000000000000000000000>, C4<0>, C4<0>, C4<0>;
v0x139ecf360_0 .net/2u *"_ivl_4", 31 0, L_0x140088298;  1 drivers
v0x139ecf430_0 .net *"_ivl_8", 31 0, L_0x139ed9830;  1 drivers
v0x139ecf4e0_0 .net "clock", 0 0, o0x1400500a0;  alias, 0 drivers
v0x139ecf570_0 .var "count", 2 0;
v0x139ecf620_0 .net "data_in", 7 0, v0x139ed4660_0;  alias, 1 drivers
v0x139ecf730_0 .var "data_out", 7 0;
v0x139ecf7e0_0 .net "empty", 0 0, L_0x139ed9750;  alias, 1 drivers
v0x139ecf890_0 .net "full", 0 0, L_0x139ed9970;  1 drivers
v0x139ecf920_0 .var "get_ptr", 1 0;
v0x139ecf9b0_0 .var "put_ptr", 1 0;
v0x139ecfa40_0 .var "queue", 31 0;
v0x139ecfaf0_0 .net "re", 0 0, v0x139ec8f30_0;  alias, 1 drivers
v0x139ecfba0_0 .net "reset", 0 0, o0x1400503a0;  alias, 0 drivers
v0x139ecfd30_0 .net "we", 0 0, v0x139ed3b80_0;  alias, 1 drivers
L_0x139ed95b0 .concat [ 3 29 0 0], v0x139ecf570_0, L_0x140088250;
L_0x139ed9750 .cmp/eq 32, L_0x139ed95b0, L_0x140088298;
L_0x139ed9830 .concat [ 3 29 0 0], v0x139ecf570_0, L_0x1400882e0;
L_0x139ed9970 .cmp/eq 32, L_0x139ed9830, L_0x140088328;
S_0x139ed27d0 .scope module, "receiver" "UartRX" 4 35, 4 846 0, S_0x139e08390;
 .timescale 0 0;
    .port_info 0 /INPUT 1 "clock";
    .port_info 1 /INPUT 1 "reset";
    .port_info 2 /INPUT 1 "rx";
    .port_info 3 /OUTPUT 8 "data";
    .port_info 4 /OUTPUT 1 "done";
    .port_info 5 /OUTPUT 1 "framing_error";
    .port_info 6 /OUTPUT 1 "receiving";
P_0x139ed2990 .param/l "BAUD_RATE" 0 4 856, +C4<00000000000000011100001000000000>;
P_0x139ed29d0 .param/l "CLK_HZ" 0 4 855, +C4<00000001011111010111100001000000>;
L_0x1400880e8 .functor BUFT 1, C4<1000>, C4<0>, C4<0>, C4<0>;
v0x139ed43e0_0 .net/2u *"_ivl_2", 3 0, L_0x1400880e8;  1 drivers
v0x139ed44a0_0 .net "clear_data_counter", 0 0, v0x139ed39b0_0;  1 drivers
v0x139ed4540_0 .net "clock", 0 0, o0x1400500a0;  alias, 0 drivers
v0x139ed45d0_0 .net "collect_data", 0 0, v0x139ed3ad0_0;  1 drivers
v0x139ed4660_0 .var "data", 7 0;
v0x139ed4770_0 .var "data_counter", 3 0;
v0x139ed4800_0 .net "done", 0 0, v0x139ed3b80_0;  alias, 1 drivers
v0x139ed4890_0 .net "done_data", 0 0, L_0x139ed90d0;  1 drivers
v0x139ed4920_0 .net "en_data_counter", 0 0, v0x139ed3d20_0;  1 drivers
v0x139ed4a30_0 .net "framing_error", 0 0, v0x139ed3db0_0;  alias, 1 drivers
v0x139ed4ac0_0 .net "receiving", 0 0, v0x139ed3ee0_0;  alias, 1 drivers
v0x139ed4b50_0 .net "reset", 0 0, o0x1400503a0;  alias, 0 drivers
v0x139ed4be0_0 .net "rx", 0 0, L_0x139edbd80;  alias, 1 drivers
v0x139ed4c90_0 .net "start", 0 0, v0x139ed4110_0;  1 drivers
v0x139ed4d60_0 .net "tick", 0 0, L_0x139ed8fb0;  1 drivers
L_0x139ed90d0 .cmp/eq 4, v0x139ed4770_0, L_0x1400880e8;
S_0x139ed2bc0 .scope module, "conductor" "BaudRateGenerator" 4 869, 4 1182 0, S_0x139ed27d0;
 .timescale 0 0;
    .port_info 0 /INPUT 1 "clock";
    .port_info 1 /INPUT 1 "reset";
    .port_info 2 /INPUT 1 "start_rx";
    .port_info 3 /INPUT 1 "start_tx";
    .port_info 4 /OUTPUT 1 "tick";
P_0x139ed2d80 .param/l "BAUD_RATE" 0 4 1190, +C4<00000000000000011100001000000000>;
P_0x139ed2dc0 .param/l "CLK_HZ" 0 4 1189, +C4<00000001011111010111100001000000>;
P_0x139ed2e00 .param/l "DIVISOR" 0 4 1196, +C4<00000000000000000000000011011001>;
v0x139ed2f70_0 .net *"_ivl_0", 31 0, L_0x139ed11e0;  1 drivers
L_0x140088010 .functor BUFT 1, C4<0000000000000000000000>, C4<0>, C4<0>, C4<0>;
v0x139ed3000_0 .net *"_ivl_3", 21 0, L_0x140088010;  1 drivers
L_0x140088058 .functor BUFT 1, C4<00000000000000000000000011011001>, C4<0>, C4<0>, C4<0>;
v0x139ed30a0_0 .net/2u *"_ivl_4", 31 0, L_0x140088058;  1 drivers
v0x139ed3160_0 .net "clock", 0 0, o0x1400500a0;  alias, 0 drivers
v0x139ed31f0_0 .var "clockCount", 9 0;
v0x139ed32e0_0 .net "reset", 0 0, o0x1400503a0;  alias, 0 drivers
v0x139ed3370_0 .net "start_rx", 0 0, v0x139ed4110_0;  alias, 1 drivers
L_0x1400880a0 .functor BUFT 1, C4<0>, C4<0>, C4<0>, C4<0>;
v0x139ed3410_0 .net "start_tx", 0 0, L_0x1400880a0;  1 drivers
v0x139ed34b0_0 .net "tick", 0 0, L_0x139ed8fb0;  alias, 1 drivers
L_0x139ed11e0 .concat [ 10 22 0 0], v0x139ed31f0_0, L_0x140088010;
L_0x139ed8fb0 .cmp/eq 32, L_0x139ed11e0, L_0x140088058;
S_0x139ed3630 .scope module, "fsm" "UartRXFsm" 4 894, 4 909 0, S_0x139ed27d0;
 .timescale 0 0;
    .port_info 0 /INPUT 1 "clock";
    .port_info 1 /INPUT 1 "reset";
    .port_info 2 /INPUT 1 "tick";
    .port_info 3 /INPUT 1 "rx";
    .port_info 4 /INPUT 1 "done_data";
    .port_info 5 /OUTPUT 1 "start";
    .port_info 6 /OUTPUT 1 "collect_data";
    .port_info 7 /OUTPUT 1 "en_data_counter";
    .port_info 8 /OUTPUT 1 "clear_data_counter";
    .port_info 9 /OUTPUT 1 "framing_error";
    .port_info 10 /OUTPUT 1 "done";
    .port_info 11 /OUTPUT 1 "receiving";
v0x139ed39b0_0 .var "clear_data_counter", 0 0;
v0x139ed3a40_0 .net "clock", 0 0, o0x1400500a0;  alias, 0 drivers
v0x139ed3ad0_0 .var "collect_data", 0 0;
v0x139ed3b80_0 .var "done", 0 0;
v0x139ed3c50_0 .net "done_data", 0 0, L_0x139ed90d0;  alias, 1 drivers
v0x139ed3d20_0 .var "en_data_counter", 0 0;
v0x139ed3db0_0 .var "framing_error", 0 0;
v0x139ed3e40_0 .var "next_state", 1 0;
v0x139ed3ee0_0 .var "receiving", 0 0;
v0x139ed3ff0_0 .net "reset", 0 0, o0x1400503a0;  alias, 0 drivers
v0x139ed4080_0 .net "rx", 0 0, L_0x139edbd80;  alias, 1 drivers
v0x139ed4110_0 .var "start", 0 0;
v0x139ed41c0_0 .var "state", 1 0;
v0x139ed4250_0 .net "tick", 0 0, L_0x139ed8fb0;  alias, 1 drivers
E_0x139ed3970 .event anyedge, v0x139ed41c0_0, v0x139ed4080_0, v0x139ed34b0_0, v0x139ed3c50_0;
S_0x139ed4e70 .scope module, "transmitter" "UartTX" 4 47, 4 1001 0, S_0x139e08390;
 .timescale 0 0;
    .port_info 0 /INPUT 1 "clock";
    .port_info 1 /INPUT 1 "reset";
    .port_info 2 /INPUT 1 "send";
    .port_info 3 /INPUT 8 "data";
    .port_info 4 /OUTPUT 1 "tx";
    .port_info 5 /OUTPUT 1 "ready";
    .port_info 6 /OUTPUT 1 "sending";
P_0x139ed5030 .param/l "BAUD_RATE" 0 4 1011, +C4<00000000000000011100001000000000>;
P_0x139ed5070 .param/l "CLK_HZ" 0 4 1010, +C4<00000001011111010111100001000000>;
L_0x140088208 .functor BUFT 1, C4<1000>, C4<0>, C4<0>, C4<0>;
v0x139ed6c10_0 .net/2u *"_ivl_2", 3 0, L_0x140088208;  1 drivers
v0x139ed6cd0_0 .net "clear_data_counter", 0 0, v0x139ed6110_0;  1 drivers
v0x139ed6d70_0 .net "clock", 0 0, o0x1400500a0;  alias, 0 drivers
v0x139ed6e00_0 .net "data", 7 0, v0x139ece5d0_0;  alias, 1 drivers
v0x139ed6ed0_0 .var "data_bit", 0 0;
v0x139ed6fa0_0 .var "data_counter", 3 0;
v0x139ed7030_0 .net "done_data", 0 0, L_0x139ed9490;  1 drivers
v0x139ed70c0_0 .net "en_data_counter", 0 0, v0x139ed62e0_0;  1 drivers
v0x139ed7150_0 .net "ready", 0 0, v0x139ed6450_0;  alias, 1 drivers
v0x139ed7260_0 .net "reset", 0 0, o0x1400503a0;  alias, 0 drivers
v0x139ed72f0_0 .var "saved_data", 7 0;
v0x139ed7380_0 .net "send", 0 0, v0x139ecb970_0;  alias, 1 drivers
v0x139ed7410_0 .net "send_data", 0 0, v0x139ed6680_0;  1 drivers
v0x139ed74c0_0 .net "send_start_bit", 0 0, v0x139ed6790_0;  1 drivers
v0x139ed7550_0 .net "send_stop_bit", 0 0, v0x139ed6820_0;  1 drivers
v0x139ed75e0_0 .net "sending", 0 0, v0x139ed68b0_0;  alias, 1 drivers
v0x139ed7670_0 .net "start", 0 0, v0x139ed6940_0;  1 drivers
v0x139ed7840_0 .net "tick", 0 0, L_0x139ed9370;  1 drivers
v0x139ed78d0_0 .var "tx", 0 0;
L_0x139ed9490 .cmp/eq 4, v0x139ed6fa0_0, L_0x140088208;
S_0x139ed52a0 .scope module, "conductor" "BaudRateGenerator" 4 1024, 4 1182 0, S_0x139ed4e70;
 .timescale 0 0;
    .port_info 0 /INPUT 1 "clock";
    .port_info 1 /INPUT 1 "reset";
    .port_info 2 /INPUT 1 "start_rx";
    .port_info 3 /INPUT 1 "start_tx";
    .port_info 4 /OUTPUT 1 "tick";
P_0x139ed5460 .param/l "BAUD_RATE" 0 4 1190, +C4<00000000000000011100001000000000>;
P_0x139ed54a0 .param/l "CLK_HZ" 0 4 1189, +C4<00000001011111010111100001000000>;
P_0x139ed54e0 .param/l "DIVISOR" 0 4 1196, +C4<00000000000000000000000011011001>;
v0x139ed5670_0 .net *"_ivl_0", 31 0, L_0x139ed91f0;  1 drivers
L_0x140088130 .functor BUFT 1, C4<0000000000000000000000>, C4<0>, C4<0>, C4<0>;
v0x139ed5720_0 .net *"_ivl_3", 21 0, L_0x140088130;  1 drivers
L_0x140088178 .functor BUFT 1, C4<00000000000000000000000011011001>, C4<0>, C4<0>, C4<0>;
v0x139ed57d0_0 .net/2u *"_ivl_4", 31 0, L_0x140088178;  1 drivers
v0x139ed5890_0 .net "clock", 0 0, o0x1400500a0;  alias, 0 drivers
v0x139ed5920_0 .var "clockCount", 9 0;
v0x139ed5a10_0 .net "reset", 0 0, o0x1400503a0;  alias, 0 drivers
L_0x1400881c0 .functor BUFT 1, C4<0>, C4<0>, C4<0>, C4<0>;
v0x139ed5aa0_0 .net "start_rx", 0 0, L_0x1400881c0;  1 drivers
v0x139ed5b40_0 .net "start_tx", 0 0, v0x139ed6940_0;  alias, 1 drivers
v0x139ed5be0_0 .net "tick", 0 0, L_0x139ed9370;  alias, 1 drivers
L_0x139ed91f0 .concat [ 10 22 0 0], v0x139ed5920_0, L_0x140088130;
L_0x139ed9370 .cmp/eq 32, L_0x139ed91f0, L_0x140088178;
S_0x139ed5d60 .scope module, "fsm" "UartTXFsm" 4 1069, 4 1085 0, S_0x139ed4e70;
 .timescale 0 0;
    .port_info 0 /INPUT 1 "clock";
    .port_info 1 /INPUT 1 "reset";
    .port_info 2 /INPUT 1 "send";
    .port_info 3 /INPUT 1 "tick";
    .port_info 4 /INPUT 1 "done_data";
    .port_info 5 /OUTPUT 1 "start";
    .port_info 6 /OUTPUT 1 "send_start_bit";
    .port_info 7 /OUTPUT 1 "send_data";
    .port_info 8 /OUTPUT 1 "send_stop_bit";
    .port_info 9 /OUTPUT 1 "en_data_counter";
    .port_info 10 /OUTPUT 1 "clear_data_counter";
    .port_info 11 /OUTPUT 1 "ready";
    .port_info 12 /OUTPUT 1 "sending";
v0x139ed6110_0 .var "clear_data_counter", 0 0;
v0x139ed61a0_0 .net "clock", 0 0, o0x1400500a0;  alias, 0 drivers
v0x139ed6230_0 .net "done_data", 0 0, L_0x139ed9490;  alias, 1 drivers
v0x139ed62e0_0 .var "en_data_counter", 0 0;
v0x139ed6370_0 .var "next_state", 1 0;
v0x139ed6450_0 .var "ready", 0 0;
v0x139ed6520_0 .net "reset", 0 0, o0x1400503a0;  alias, 0 drivers
v0x139ed65b0_0 .net "send", 0 0, v0x139ecb970_0;  alias, 1 drivers
v0x139ed6680_0 .var "send_data", 0 0;
v0x139ed6790_0 .var "send_start_bit", 0 0;
v0x139ed6820_0 .var "send_stop_bit", 0 0;
v0x139ed68b0_0 .var "sending", 0 0;
v0x139ed6940_0 .var "start", 0 0;
v0x139ed69d0_0 .var "state", 1 0;
v0x139ed6a60_0 .net "tick", 0 0, L_0x139ed9370;  alias, 1 drivers
E_0x139ed60d0 .event anyedge, v0x139ed69d0_0, v0x139ecb970_0, v0x139ed5be0_0, v0x139ed6230_0;
    .scope S_0x139ed2bc0;
T_0 ;
    %wait E_0x139e40db0;
    %load/vec4 v0x139ed32e0_0;
    %load/vec4 v0x139ed34b0_0;
    %or;
    %flag_set/vec4 8;
    %jmp/0xz  T_0.0, 8;
    %pushi/vec4 0, 0, 10;
    %assign/vec4 v0x139ed31f0_0, 0;
    %jmp T_0.1;
T_0.0 ;
    %load/vec4 v0x139ed3370_0;
    %flag_set/vec4 8;
    %jmp/0xz  T_0.2, 8;
    %pushi/vec4 108, 0, 10;
    %assign/vec4 v0x139ed31f0_0, 0;
    %jmp T_0.3;
T_0.2 ;
    %load/vec4 v0x139ed3410_0;
    %flag_set/vec4 8;
    %jmp/0xz  T_0.4, 8;
    %pushi/vec4 0, 0, 10;
    %assign/vec4 v0x139ed31f0_0, 0;
    %jmp T_0.5;
T_0.4 ;
    %load/vec4 v0x139ed31f0_0;
    %addi 1, 0, 10;
    %assign/vec4 v0x139ed31f0_0, 0;
T_0.5 ;
T_0.3 ;
T_0.1 ;
    %jmp T_0;
    .thread T_0;
    .scope S_0x139ed3630;
T_1 ;
    %wait E_0x139ed3970;
    %pushi/vec4 0, 0, 1;
    %store/vec4 v0x139ed4110_0, 0, 1;
    %pushi/vec4 0, 0, 1;
    %store/vec4 v0x139ed3ad0_0, 0, 1;
    %pushi/vec4 0, 0, 1;
    %store/vec4 v0x139ed3d20_0, 0, 1;
    %pushi/vec4 0, 0, 1;
    %store/vec4 v0x139ed39b0_0, 0, 1;
    %pushi/vec4 0, 0, 1;
    %store/vec4 v0x139ed3db0_0, 0, 1;
    %pushi/vec4 0, 0, 1;
    %store/vec4 v0x139ed3b80_0, 0, 1;
    %pushi/vec4 0, 0, 1;
    %store/vec4 v0x139ed3ee0_0, 0, 1;
    %pushi/vec4 0, 0, 2;
    %store/vec4 v0x139ed3e40_0, 0, 2;
    %load/vec4 v0x139ed41c0_0;
    %dup/vec4;
    %pushi/vec4 0, 0, 2;
    %cmp/u;
    %jmp/1 T_1.0, 6;
    %dup/vec4;
    %pushi/vec4 1, 0, 2;
    %cmp/u;
    %jmp/1 T_1.1, 6;
    %dup/vec4;
    %pushi/vec4 2, 0, 2;
    %cmp/u;
    %jmp/1 T_1.2, 6;
    %dup/vec4;
    %pushi/vec4 3, 0, 2;
    %cmp/u;
    %jmp/1 T_1.3, 6;
    %pushi/vec4 0, 0, 2;
    %store/vec4 v0x139ed3e40_0, 0, 2;
    %jmp T_1.5;
T_1.0 ;
    %load/vec4 v0x139ed4080_0;
    %nor/r;
    %flag_set/vec4 8;
    %jmp/0xz  T_1.6, 8;
    %pushi/vec4 1, 0, 2;
    %store/vec4 v0x139ed3e40_0, 0, 2;
    %pushi/vec4 1, 0, 1;
    %store/vec4 v0x139ed4110_0, 0, 1;
    %jmp T_1.7;
T_1.6 ;
    %pushi/vec4 0, 0, 2;
    %store/vec4 v0x139ed3e40_0, 0, 2;
T_1.7 ;
    %jmp T_1.5;
T_1.1 ;
    %load/vec4 v0x139ed4250_0;
    %flag_set/vec4 9;
    %flag_get/vec4 9;
    %jmp/0 T_1.10, 9;
    %load/vec4 v0x139ed4080_0;
    %and;
T_1.10;
    %flag_set/vec4 8;
    %jmp/0xz  T_1.8, 8;
    %pushi/vec4 0, 0, 2;
    %store/vec4 v0x139ed3e40_0, 0, 2;
    %jmp T_1.9;
T_1.8 ;
    %load/vec4 v0x139ed4250_0;
    %flag_set/vec4 9;
    %flag_get/vec4 9;
    %jmp/0 T_1.13, 9;
    %load/vec4 v0x139ed4080_0;
    %nor/r;
    %and;
T_1.13;
    %flag_set/vec4 8;
    %jmp/0xz  T_1.11, 8;
    %pushi/vec4 2, 0, 2;
    %store/vec4 v0x139ed3e40_0, 0, 2;
    %jmp T_1.12;
T_1.11 ;
    %pushi/vec4 1, 0, 2;
    %store/vec4 v0x139ed3e40_0, 0, 2;
T_1.12 ;
T_1.9 ;
    %jmp T_1.5;
T_1.2 ;
    %load/vec4 v0x139ed4250_0;
    %flag_set/vec4 9;
    %flag_get/vec4 9;
    %jmp/0 T_1.16, 9;
    %load/vec4 v0x139ed3c50_0;
    %nor/r;
    %and;
T_1.16;
    %flag_set/vec4 8;
    %jmp/0xz  T_1.14, 8;
    %pushi/vec4 2, 0, 2;
    %store/vec4 v0x139ed3e40_0, 0, 2;
    %pushi/vec4 1, 0, 1;
    %store/vec4 v0x139ed3ad0_0, 0, 1;
    %pushi/vec4 1, 0, 1;
    %store/vec4 v0x139ed3d20_0, 0, 1;
    %jmp T_1.15;
T_1.14 ;
    %load/vec4 v0x139ed4250_0;
    %flag_set/vec4 9;
    %flag_get/vec4 9;
    %jmp/0 T_1.19, 9;
    %load/vec4 v0x139ed3c50_0;
    %and;
T_1.19;
    %flag_set/vec4 8;
    %jmp/0xz  T_1.17, 8;
    %load/vec4 v0x139ed4080_0;
    %nor/r;
    %flag_set/vec4 8;
    %jmp/0xz  T_1.20, 8;
    %pushi/vec4 3, 0, 2;
    %store/vec4 v0x139ed3e40_0, 0, 2;
    %pushi/vec4 1, 0, 1;
    %store/vec4 v0x139ed3db0_0, 0, 1;
    %jmp T_1.21;
T_1.20 ;
    %pushi/vec4 0, 0, 2;
    %store/vec4 v0x139ed3e40_0, 0, 2;
    %pushi/vec4 1, 0, 1;
    %store/vec4 v0x139ed39b0_0, 0, 1;
    %pushi/vec4 1, 0, 1;
    %store/vec4 v0x139ed3b80_0, 0, 1;
T_1.21 ;
    %jmp T_1.18;
T_1.17 ;
    %pushi/vec4 2, 0, 2;
    %store/vec4 v0x139ed3e40_0, 0, 2;
T_1.18 ;
T_1.15 ;
    %pushi/vec4 1, 0, 1;
    %store/vec4 v0x139ed3ee0_0, 0, 1;
    %jmp T_1.5;
T_1.3 ;
    %load/vec4 v0x139ed4250_0;
    %flag_set/vec4 9;
    %flag_get/vec4 9;
    %jmp/0 T_1.24, 9;
    %load/vec4 v0x139ed4080_0;
    %and;
T_1.24;
    %flag_set/vec4 8;
    %jmp/0xz  T_1.22, 8;
    %pushi/vec4 0, 0, 2;
    %store/vec4 v0x139ed3e40_0, 0, 2;
    %pushi/vec4 1, 0, 1;
    %store/vec4 v0x139ed39b0_0, 0, 1;
    %jmp T_1.23;
T_1.22 ;
    %load/vec4 v0x139ed4250_0;
    %flag_set/vec4 9;
    %flag_get/vec4 9;
    %jmp/0 T_1.27, 9;
    %load/vec4 v0x139ed4080_0;
    %nor/r;
    %and;
T_1.27;
    %flag_set/vec4 8;
    %jmp/0xz  T_1.25, 8;
    %pushi/vec4 3, 0, 2;
    %store/vec4 v0x139ed3e40_0, 0, 2;
T_1.25 ;
T_1.23 ;
    %pushi/vec4 1, 0, 1;
    %store/vec4 v0x139ed3db0_0, 0, 1;
    %jmp T_1.5;
T_1.5 ;
    %pop/vec4 1;
    %jmp T_1;
    .thread T_1, $push;
    .scope S_0x139ed3630;
T_2 ;
    %wait E_0x139e40db0;
    %load/vec4 v0x139ed3ff0_0;
    %flag_set/vec4 8;
    %jmp/0xz  T_2.0, 8;
    %pushi/vec4 0, 0, 2;
    %assign/vec4 v0x139ed41c0_0, 0;
    %jmp T_2.1;
T_2.0 ;
    %load/vec4 v0x139ed3e40_0;
    %assign/vec4 v0x139ed41c0_0, 0;
T_2.1 ;
    %jmp T_2;
    .thread T_2;
    .scope S_0x139ed27d0;
T_3 ;
    %wait E_0x139e40db0;
    %load/vec4 v0x139ed4b50_0;
    %flag_set/vec4 8;
    %jmp/0xz  T_3.0, 8;
    %pushi/vec4 0, 0, 8;
    %assign/vec4 v0x139ed4660_0, 0;
    %jmp T_3.1;
T_3.0 ;
    %load/vec4 v0x139ed45d0_0;
    %flag_set/vec4 9;
    %flag_get/vec4 9;
    %jmp/0 T_3.4, 9;
    %load/vec4 v0x139ed4d60_0;
    %and;
T_3.4;
    %flag_set/vec4 8;
    %jmp/0xz  T_3.2, 8;
    %load/vec4 v0x139ed4660_0;
    %ix/load 4, 1, 0;
    %flag_set/imm 4, 0;
    %shiftr 4;
    %assign/vec4 v0x139ed4660_0, 0;
    %load/vec4 v0x139ed4be0_0;
    %ix/load 4, 7, 0;
    %ix/load 5, 0, 0;
    %flag_set/imm 4, 0;
    %assign/vec4/off/d v0x139ed4660_0, 4, 5;
T_3.2 ;
T_3.1 ;
    %jmp T_3;
    .thread T_3;
    .scope S_0x139ed27d0;
T_4 ;
    %wait E_0x139e40db0;
    %load/vec4 v0x139ed4b50_0;
    %flag_set/vec4 8;
    %jmp/1 T_4.2, 8;
    %load/vec4 v0x139ed44a0_0;
    %flag_set/vec4 9;
    %flag_or 8, 9;
T_4.2;
    %jmp/0xz  T_4.0, 8;
    %pushi/vec4 0, 0, 4;
    %assign/vec4 v0x139ed4770_0, 0;
    %jmp T_4.1;
T_4.0 ;
    %load/vec4 v0x139ed4920_0;
    %flag_set/vec4 9;
    %flag_get/vec4 9;
    %jmp/0 T_4.5, 9;
    %load/vec4 v0x139ed4d60_0;
    %and;
T_4.5;
    %flag_set/vec4 8;
    %jmp/0xz  T_4.3, 8;
    %load/vec4 v0x139ed4770_0;
    %addi 1, 0, 4;
    %assign/vec4 v0x139ed4770_0, 0;
T_4.3 ;
T_4.1 ;
    %jmp T_4;
    .thread T_4;
    .scope S_0x139ed52a0;
T_5 ;
    %wait E_0x139e40db0;
    %load/vec4 v0x139ed5a10_0;
    %load/vec4 v0x139ed5be0_0;
    %or;
    %flag_set/vec4 8;
    %jmp/0xz  T_5.0, 8;
    %pushi/vec4 0, 0, 10;
    %assign/vec4 v0x139ed5920_0, 0;
    %jmp T_5.1;
T_5.0 ;
    %load/vec4 v0x139ed5aa0_0;
    %flag_set/vec4 8;
    %jmp/0xz  T_5.2, 8;
    %pushi/vec4 108, 0, 10;
    %assign/vec4 v0x139ed5920_0, 0;
    %jmp T_5.3;
T_5.2 ;
    %load/vec4 v0x139ed5b40_0;
    %flag_set/vec4 8;
    %jmp/0xz  T_5.4, 8;
    %pushi/vec4 0, 0, 10;
    %assign/vec4 v0x139ed5920_0, 0;
    %jmp T_5.5;
T_5.4 ;
    %load/vec4 v0x139ed5920_0;
    %addi 1, 0, 10;
    %assign/vec4 v0x139ed5920_0, 0;
T_5.5 ;
T_5.3 ;
T_5.1 ;
    %jmp T_5;
    .thread T_5;
    .scope S_0x139ed5d60;
T_6 ;
    %wait E_0x139ed60d0;
    %pushi/vec4 0, 0, 1;
    %store/vec4 v0x139ed6940_0, 0, 1;
    %pushi/vec4 0, 0, 1;
    %store/vec4 v0x139ed6790_0, 0, 1;
    %pushi/vec4 0, 0, 1;
    %store/vec4 v0x139ed6680_0, 0, 1;
    %pushi/vec4 0, 0, 1;
    %store/vec4 v0x139ed6820_0, 0, 1;
    %pushi/vec4 0, 0, 1;
    %store/vec4 v0x139ed62e0_0, 0, 1;
    %pushi/vec4 0, 0, 1;
    %store/vec4 v0x139ed6110_0, 0, 1;
    %pushi/vec4 0, 0, 1;
    %store/vec4 v0x139ed6450_0, 0, 1;
    %pushi/vec4 0, 0, 1;
    %store/vec4 v0x139ed68b0_0, 0, 1;
    %pushi/vec4 0, 0, 2;
    %store/vec4 v0x139ed6370_0, 0, 2;
    %load/vec4 v0x139ed69d0_0;
    %dup/vec4;
    %pushi/vec4 0, 0, 2;
    %cmp/u;
    %jmp/1 T_6.0, 6;
    %dup/vec4;
    %pushi/vec4 1, 0, 2;
    %cmp/u;
    %jmp/1 T_6.1, 6;
    %dup/vec4;
    %pushi/vec4 2, 0, 2;
    %cmp/u;
    %jmp/1 T_6.2, 6;
    %dup/vec4;
    %pushi/vec4 3, 0, 2;
    %cmp/u;
    %jmp/1 T_6.3, 6;
    %pushi/vec4 0, 0, 2;
    %store/vec4 v0x139ed6370_0, 0, 2;
    %jmp T_6.5;
T_6.0 ;
    %load/vec4 v0x139ed65b0_0;
    %flag_set/vec4 8;
    %jmp/0xz  T_6.6, 8;
    %pushi/vec4 1, 0, 2;
    %store/vec4 v0x139ed6370_0, 0, 2;
    %pushi/vec4 1, 0, 1;
    %store/vec4 v0x139ed6940_0, 0, 1;
    %pushi/vec4 1, 0, 1;
    %store/vec4 v0x139ed6790_0, 0, 1;
    %jmp T_6.7;
T_6.6 ;
    %pushi/vec4 0, 0, 2;
    %store/vec4 v0x139ed6370_0, 0, 2;
    %pushi/vec4 1, 0, 1;
    %store/vec4 v0x139ed6450_0, 0, 1;
T_6.7 ;
    %jmp T_6.5;
T_6.1 ;
    %load/vec4 v0x139ed6a60_0;
    %flag_set/vec4 8;
    %jmp/0xz  T_6.8, 8;
    %pushi/vec4 2, 0, 2;
    %store/vec4 v0x139ed6370_0, 0, 2;
    %pushi/vec4 1, 0, 1;
    %store/vec4 v0x139ed6680_0, 0, 1;
    %pushi/vec4 1, 0, 1;
    %store/vec4 v0x139ed62e0_0, 0, 1;
    %jmp T_6.9;
T_6.8 ;
    %pushi/vec4 1, 0, 2;
    %store/vec4 v0x139ed6370_0, 0, 2;
    %pushi/vec4 1, 0, 1;
    %store/vec4 v0x139ed6790_0, 0, 1;
T_6.9 ;
    %pushi/vec4 1, 0, 1;
    %store/vec4 v0x139ed68b0_0, 0, 1;
    %jmp T_6.5;
T_6.2 ;
    %load/vec4 v0x139ed6a60_0;
    %flag_set/vec4 9;
    %flag_get/vec4 9;
    %jmp/0 T_6.12, 9;
    %load/vec4 v0x139ed6230_0;
    %and;
T_6.12;
    %flag_set/vec4 8;
    %jmp/0xz  T_6.10, 8;
    %pushi/vec4 3, 0, 2;
    %store/vec4 v0x139ed6370_0, 0, 2;
    %pushi/vec4 1, 0, 1;
    %store/vec4 v0x139ed6820_0, 0, 1;
    %pushi/vec4 1, 0, 1;
    %store/vec4 v0x139ed6110_0, 0, 1;
    %jmp T_6.11;
T_6.10 ;
    %pushi/vec4 2, 0, 2;
    %store/vec4 v0x139ed6370_0, 0, 2;
    %pushi/vec4 1, 0, 1;
    %store/vec4 v0x139ed6680_0, 0, 1;
    %pushi/vec4 1, 0, 1;
    %store/vec4 v0x139ed62e0_0, 0, 1;
T_6.11 ;
    %pushi/vec4 1, 0, 1;
    %store/vec4 v0x139ed68b0_0, 0, 1;
    %jmp T_6.5;
T_6.3 ;
    %load/vec4 v0x139ed6a60_0;
    %flag_set/vec4 8;
    %jmp/0xz  T_6.13, 8;
    %pushi/vec4 0, 0, 2;
    %store/vec4 v0x139ed6370_0, 0, 2;
    %pushi/vec4 1, 0, 1;
    %store/vec4 v0x139ed6450_0, 0, 1;
    %jmp T_6.14;
T_6.13 ;
    %pushi/vec4 3, 0, 2;
    %store/vec4 v0x139ed6370_0, 0, 2;
    %pushi/vec4 1, 0, 1;
    %store/vec4 v0x139ed6820_0, 0, 1;
T_6.14 ;
    %pushi/vec4 1, 0, 1;
    %store/vec4 v0x139ed68b0_0, 0, 1;
    %jmp T_6.5;
T_6.5 ;
    %pop/vec4 1;
    %jmp T_6;
    .thread T_6, $push;
    .scope S_0x139ed5d60;
T_7 ;
    %wait E_0x139e40db0;
    %load/vec4 v0x139ed6520_0;
    %flag_set/vec4 8;
    %jmp/0xz  T_7.0, 8;
    %pushi/vec4 0, 0, 2;
    %assign/vec4 v0x139ed69d0_0, 0;
    %jmp T_7.1;
T_7.0 ;
    %load/vec4 v0x139ed6370_0;
    %assign/vec4 v0x139ed69d0_0, 0;
T_7.1 ;
    %jmp T_7;
    .thread T_7;
    .scope S_0x139ed4e70;
T_8 ;
    %wait E_0x139e40db0;
    %load/vec4 v0x139ed7260_0;
    %flag_set/vec4 8;
    %jmp/1 T_8.2, 8;
    %load/vec4 v0x139ed6cd0_0;
    %flag_set/vec4 9;
    %flag_or 8, 9;
T_8.2;
    %jmp/0xz  T_8.0, 8;
    %pushi/vec4 0, 0, 4;
    %assign/vec4 v0x139ed6fa0_0, 0;
    %jmp T_8.1;
T_8.0 ;
    %load/vec4 v0x139ed70c0_0;
    %flag_set/vec4 9;
    %flag_get/vec4 9;
    %jmp/0 T_8.5, 9;
    %load/vec4 v0x139ed7840_0;
    %and;
T_8.5;
    %flag_set/vec4 8;
    %jmp/0xz  T_8.3, 8;
    %load/vec4 v0x139ed6fa0_0;
    %addi 1, 0, 4;
    %assign/vec4 v0x139ed6fa0_0, 0;
T_8.3 ;
T_8.1 ;
    %jmp T_8;
    .thread T_8;
    .scope S_0x139ed4e70;
T_9 ;
    %wait E_0x139e40db0;
    %load/vec4 v0x139ed7260_0;
    %flag_set/vec4 8;
    %jmp/0xz  T_9.0, 8;
    %pushi/vec4 0, 0, 8;
    %assign/vec4 v0x139ed72f0_0, 0;
    %jmp T_9.1;
T_9.0 ;
    %load/vec4 v0x139ed7670_0;
    %flag_set/vec4 8;
    %jmp/0xz  T_9.2, 8;
    %load/vec4 v0x139ed6e00_0;
    %assign/vec4 v0x139ed72f0_0, 0;
    %jmp T_9.3;
T_9.2 ;
    %load/vec4 v0x139ed7410_0;
    %flag_set/vec4 9;
    %flag_get/vec4 9;
    %jmp/0 T_9.6, 9;
    %load/vec4 v0x139ed7840_0;
    %and;
T_9.6;
    %flag_set/vec4 8;
    %jmp/0xz  T_9.4, 8;
    %load/vec4 v0x139ed72f0_0;
    %ix/load 4, 1, 0;
    %flag_set/imm 4, 0;
    %shiftr 4;
    %assign/vec4 v0x139ed72f0_0, 0;
T_9.4 ;
T_9.3 ;
T_9.1 ;
    %jmp T_9;
    .thread T_9;
    .scope S_0x139ed4e70;
T_10 ;
    %wait E_0x139e40db0;
    %load/vec4 v0x139ed7260_0;
    %flag_set/vec4 8;
    %jmp/1 T_10.2, 8;
    %load/vec4 v0x139ed7670_0;
    %flag_set/vec4 9;
    %flag_or 8, 9;
T_10.2;
    %jmp/0xz  T_10.0, 8;
    %pushi/vec4 0, 0, 1;
    %assign/vec4 v0x139ed6ed0_0, 0;
    %jmp T_10.1;
T_10.0 ;
    %load/vec4 v0x139ed7410_0;
    %flag_set/vec4 9;
    %flag_get/vec4 9;
    %jmp/0 T_10.5, 9;
    %load/vec4 v0x139ed7840_0;
    %and;
T_10.5;
    %flag_set/vec4 8;
    %jmp/0xz  T_10.3, 8;
    %load/vec4 v0x139ed72f0_0;
    %parti/s 1, 0, 2;
    %assign/vec4 v0x139ed6ed0_0, 0;
T_10.3 ;
T_10.1 ;
    %jmp T_10;
    .thread T_10;
    .scope S_0x139ed4e70;
T_11 ;
    %wait E_0x139e40db0;
    %load/vec4 v0x139ed7260_0;
    %flag_set/vec4 8;
    %jmp/0xz  T_11.0, 8;
    %pushi/vec4 1, 0, 1;
    %assign/vec4 v0x139ed78d0_0, 0;
    %jmp T_11.1;
T_11.0 ;
    %load/vec4 v0x139ed74c0_0;
    %flag_set/vec4 8;
    %jmp/0xz  T_11.2, 8;
    %pushi/vec4 0, 0, 1;
    %assign/vec4 v0x139ed78d0_0, 0;
    %jmp T_11.3;
T_11.2 ;
    %load/vec4 v0x139ed7410_0;
    %flag_set/vec4 8;
    %jmp/0xz  T_11.4, 8;
    %load/vec4 v0x139ed6ed0_0;
    %assign/vec4 v0x139ed78d0_0, 0;
    %jmp T_11.5;
T_11.4 ;
    %load/vec4 v0x139ed7550_0;
    %flag_set/vec4 8;
    %jmp/0xz  T_11.6, 8;
    %pushi/vec4 1, 0, 1;
    %assign/vec4 v0x139ed78d0_0, 0;
    %jmp T_11.7;
T_11.6 ;
    %pushi/vec4 1, 0, 1;
    %assign/vec4 v0x139ed78d0_0, 0;
T_11.7 ;
T_11.5 ;
T_11.3 ;
T_11.1 ;
    %jmp T_11;
    .thread T_11;
    .scope S_0x139ececa0;
T_12 ;
    %wait E_0x139e40db0;
    %load/vec4 v0x139ecfba0_0;
    %flag_set/vec4 8;
    %jmp/0xz  T_12.0, 8;
    %pushi/vec4 0, 0, 3;
    %assign/vec4 v0x139ecf570_0, 0;
    %pushi/vec4 0, 0, 2;
    %assign/vec4 v0x139ecf920_0, 0;
    %pushi/vec4 0, 0, 2;
    %assign/vec4 v0x139ecf9b0_0, 0;
    %pushi/vec4 0, 0, 8;
    %assign/vec4 v0x139ecf730_0, 0;
    %jmp T_12.1;
T_12.0 ;
    %load/vec4 v0x139ecfaf0_0;
    %flag_set/vec4 10;
    %flag_get/vec4 10;
    %jmp/0 T_12.5, 10;
    %load/vec4 v0x139ecf7e0_0;
    %nor/r;
    %and;
T_12.5;
    %flag_set/vec4 9;
    %flag_get/vec4 9;
    %jmp/0 T_12.4, 9;
    %load/vec4 v0x139ecfd30_0;
    %and;
T_12.4;
    %flag_set/vec4 8;
    %jmp/0xz  T_12.2, 8;
    %load/vec4 v0x139ecfa40_0;
    %load/vec4 v0x139ecf920_0;
    %pad/u 32;
    %muli 8, 0, 32;
    %part/u 8;
    %assign/vec4 v0x139ecf730_0, 0;
    %load/vec4 v0x139ecf920_0;
    %addi 1, 0, 2;
    %assign/vec4 v0x139ecf920_0, 0;
    %load/vec4 v0x139ecf620_0;
    %ix/load 5, 0, 0;
    %load/vec4 v0x139ecf9b0_0;
    %pad/u 32;
    %muli 8, 0, 32;
    %ix/vec4 4;
    %assign/vec4/off/d v0x139ecfa40_0, 4, 5;
    %load/vec4 v0x139ecf9b0_0;
    %addi 1, 0, 2;
    %assign/vec4 v0x139ecf9b0_0, 0;
    %jmp T_12.3;
T_12.2 ;
    %load/vec4 v0x139ecfaf0_0;
    %flag_set/vec4 9;
    %flag_get/vec4 9;
    %jmp/0 T_12.8, 9;
    %load/vec4 v0x139ecf7e0_0;
    %nor/r;
    %and;
T_12.8;
    %flag_set/vec4 8;
    %jmp/0xz  T_12.6, 8;
    %load/vec4 v0x139ecfa40_0;
    %load/vec4 v0x139ecf920_0;
    %pad/u 32;
    %muli 8, 0, 32;
    %part/u 8;
    %assign/vec4 v0x139ecf730_0, 0;
    %load/vec4 v0x139ecf920_0;
    %addi 1, 0, 2;
    %assign/vec4 v0x139ecf920_0, 0;
    %load/vec4 v0x139ecf570_0;
    %subi 1, 0, 3;
    %assign/vec4 v0x139ecf570_0, 0;
    %jmp T_12.7;
T_12.6 ;
    %load/vec4 v0x139ecfd30_0;
    %flag_set/vec4 9;
    %flag_get/vec4 9;
    %jmp/0 T_12.11, 9;
    %load/vec4 v0x139ecf890_0;
    %nor/r;
    %and;
T_12.11;
    %flag_set/vec4 8;
    %jmp/0xz  T_12.9, 8;
    %load/vec4 v0x139ecf620_0;
    %ix/load 5, 0, 0;
    %load/vec4 v0x139ecf9b0_0;
    %pad/u 32;
    %muli 8, 0, 32;
    %ix/vec4 4;
    %assign/vec4/off/d v0x139ecfa40_0, 4, 5;
    %load/vec4 v0x139ecf9b0_0;
    %addi 1, 0, 2;
    %assign/vec4 v0x139ecf9b0_0, 0;
    %load/vec4 v0x139ecf570_0;
    %addi 1, 0, 3;
    %assign/vec4 v0x139ecf570_0, 0;
T_12.9 ;
T_12.7 ;
T_12.3 ;
T_12.1 ;
    %jmp T_12;
    .thread T_12;
    .scope S_0x139ecc9f0;
T_13 ;
    %wait E_0x139e40db0;
    %load/vec4 v0x139ecd8e0_0;
    %flag_set/vec4 8;
    %jmp/0xz  T_13.0, 8;
    %pushi/vec4 0, 0, 4;
    %assign/vec4 v0x139ecd2b0_0, 0;
    %pushi/vec4 0, 0, 3;
    %assign/vec4 v0x139ecd660_0, 0;
    %pushi/vec4 0, 0, 3;
    %assign/vec4 v0x139ecd6f0_0, 0;
    %pushi/vec4 0, 0, 4;
    %assign/vec4 v0x139ecd470_0, 0;
    %jmp T_13.1;
T_13.0 ;
    %load/vec4 v0x139ecd830_0;
    %flag_set/vec4 10;
    %flag_get/vec4 10;
    %jmp/0 T_13.5, 10;
    %load/vec4 v0x139ecd520_0;
    %nor/r;
    %and;
T_13.5;
    %flag_set/vec4 9;
    %flag_get/vec4 9;
    %jmp/0 T_13.4, 9;
    %load/vec4 v0x139ecda70_0;
    %and;
T_13.4;
    %flag_set/vec4 8;
    %jmp/0xz  T_13.2, 8;
    %load/vec4 v0x139ecd780_0;
    %load/vec4 v0x139ecd660_0;
    %pad/u 32;
    %muli 4, 0, 32;
    %part/u 4;
    %assign/vec4 v0x139ecd470_0, 0;
    %load/vec4 v0x139ecd660_0;
    %addi 1, 0, 3;
    %assign/vec4 v0x139ecd660_0, 0;
    %load/vec4 v0x139ecd360_0;
    %ix/load 5, 0, 0;
    %load/vec4 v0x139ecd6f0_0;
    %pad/u 32;
    %muli 4, 0, 32;
    %ix/vec4 4;
    %assign/vec4/off/d v0x139ecd780_0, 4, 5;
    %load/vec4 v0x139ecd6f0_0;
    %addi 1, 0, 3;
    %assign/vec4 v0x139ecd6f0_0, 0;
    %jmp T_13.3;
T_13.2 ;
    %load/vec4 v0x139ecd830_0;
    %flag_set/vec4 9;
    %flag_get/vec4 9;
    %jmp/0 T_13.8, 9;
    %load/vec4 v0x139ecd520_0;
    %nor/r;
    %and;
T_13.8;
    %flag_set/vec4 8;
    %jmp/0xz  T_13.6, 8;
    %load/vec4 v0x139ecd780_0;
    %load/vec4 v0x139ecd660_0;
    %pad/u 32;
    %muli 4, 0, 32;
    %part/u 4;
    %assign/vec4 v0x139ecd470_0, 0;
    %load/vec4 v0x139ecd660_0;
    %addi 1, 0, 3;
    %assign/vec4 v0x139ecd660_0, 0;
    %load/vec4 v0x139ecd2b0_0;
    %subi 1, 0, 4;
    %assign/vec4 v0x139ecd2b0_0, 0;
    %jmp T_13.7;
T_13.6 ;
    %load/vec4 v0x139ecda70_0;
    %flag_set/vec4 9;
    %flag_get/vec4 9;
    %jmp/0 T_13.11, 9;
    %load/vec4 v0x139ecd5d0_0;
    %nor/r;
    %and;
T_13.11;
    %flag_set/vec4 8;
    %jmp/0xz  T_13.9, 8;
    %load/vec4 v0x139ecd360_0;
    %ix/load 5, 0, 0;
    %load/vec4 v0x139ecd6f0_0;
    %pad/u 32;
    %muli 4, 0, 32;
    %ix/vec4 4;
    %assign/vec4/off/d v0x139ecd780_0, 4, 5;
    %load/vec4 v0x139ecd6f0_0;
    %addi 1, 0, 3;
    %assign/vec4 v0x139ecd6f0_0, 0;
    %load/vec4 v0x139ecd2b0_0;
    %addi 1, 0, 4;
    %assign/vec4 v0x139ecd2b0_0, 0;
T_13.9 ;
T_13.7 ;
T_13.3 ;
T_13.1 ;
    %jmp T_13;
    .thread T_13;
    .scope S_0x139eca070;
T_14 ;
    %wait E_0x139e40db0;
    %load/vec4 v0x139ecafa0_0;
    %flag_set/vec4 8;
    %jmp/0xz  T_14.0, 8;
    %pushi/vec4 0, 0, 4;
    %assign/vec4 v0x139eca990_0, 0;
    %pushi/vec4 0, 0, 3;
    %assign/vec4 v0x139ecad20_0, 0;
    %pushi/vec4 0, 0, 3;
    %assign/vec4 v0x139ecadb0_0, 0;
    %pushi/vec4 0, 0, 4;
    %assign/vec4 v0x139ecab30_0, 0;
    %jmp T_14.1;
T_14.0 ;
    %load/vec4 v0x139ecaef0_0;
    %flag_set/vec4 10;
    %flag_get/vec4 10;
    %jmp/0 T_14.5, 10;
    %load/vec4 v0x139ecabe0_0;
    %nor/r;
    %and;
T_14.5;
    %flag_set/vec4 9;
    %flag_get/vec4 9;
    %jmp/0 T_14.4, 9;
    %load/vec4 v0x139ecb170_0;
    %and;
T_14.4;
    %flag_set/vec4 8;
    %jmp/0xz  T_14.2, 8;
    %load/vec4 v0x139ecae40_0;
    %load/vec4 v0x139ecad20_0;
    %pad/u 32;
    %muli 4, 0, 32;
    %part/u 4;
    %assign/vec4 v0x139ecab30_0, 0;
    %load/vec4 v0x139ecad20_0;
    %addi 1, 0, 3;
    %assign/vec4 v0x139ecad20_0, 0;
    %load/vec4 v0x139ecaa20_0;
    %ix/load 5, 0, 0;
    %load/vec4 v0x139ecadb0_0;
    %pad/u 32;
    %muli 4, 0, 32;
    %ix/vec4 4;
    %assign/vec4/off/d v0x139ecae40_0, 4, 5;
    %load/vec4 v0x139ecadb0_0;
    %addi 1, 0, 3;
    %assign/vec4 v0x139ecadb0_0, 0;
    %jmp T_14.3;
T_14.2 ;
    %load/vec4 v0x139ecaef0_0;
    %flag_set/vec4 9;
    %flag_get/vec4 9;
    %jmp/0 T_14.8, 9;
    %load/vec4 v0x139ecabe0_0;
    %nor/r;
    %and;
T_14.8;
    %flag_set/vec4 8;
    %jmp/0xz  T_14.6, 8;
    %load/vec4 v0x139ecae40_0;
    %load/vec4 v0x139ecad20_0;
    %pad/u 32;
    %muli 4, 0, 32;
    %part/u 4;
    %assign/vec4 v0x139ecab30_0, 0;
    %load/vec4 v0x139ecad20_0;
    %addi 1, 0, 3;
    %assign/vec4 v0x139ecad20_0, 0;
    %load/vec4 v0x139eca990_0;
    %subi 1, 0, 4;
    %assign/vec4 v0x139eca990_0, 0;
    %jmp T_14.7;
T_14.6 ;
    %load/vec4 v0x139ecb170_0;
    %flag_set/vec4 9;
    %flag_get/vec4 9;
    %jmp/0 T_14.11, 9;
    %load/vec4 v0x139ecac90_0;
    %nor/r;
    %and;
T_14.11;
    %flag_set/vec4 8;
    %jmp/0xz  T_14.9, 8;
    %load/vec4 v0x139ecaa20_0;
    %ix/load 5, 0, 0;
    %load/vec4 v0x139ecadb0_0;
    %pad/u 32;
    %muli 4, 0, 32;
    %ix/vec4 4;
    %assign/vec4/off/d v0x139ecae40_0, 4, 5;
    %load/vec4 v0x139ecadb0_0;
    %addi 1, 0, 3;
    %assign/vec4 v0x139ecadb0_0, 0;
    %load/vec4 v0x139eca990_0;
    %addi 1, 0, 4;
    %assign/vec4 v0x139eca990_0, 0;
T_14.9 ;
T_14.7 ;
T_14.3 ;
T_14.1 ;
    %jmp T_14;
    .thread T_14;
    .scope S_0x139ec9680;
T_15 ;
    %wait E_0x139ec7960;
    %pushi/vec4 0, 0, 4;
    %store/vec4 v0x139ec9af0_0, 0, 4;
    %pushi/vec4 0, 0, 1;
    %dup/vec4;
    %load/vec4 v0x139ec9f50_0;
    %parti/s 1, 0, 2;
    %cmp/u;
    %jmp/1 T_15.0, 6;
    %dup/vec4;
    %load/vec4 v0x139ec9f50_0;
    %parti/s 1, 1, 2;
    %cmp/u;
    %jmp/1 T_15.1, 6;
    %dup/vec4;
    %load/vec4 v0x139ec9f50_0;
    %parti/s 1, 2, 3;
    %cmp/u;
    %jmp/1 T_15.2, 6;
    %dup/vec4;
    %load/vec4 v0x139ec9f50_0;
    %parti/s 1, 3, 3;
    %cmp/u;
    %jmp/1 T_15.3, 6;
    %dup/vec4;
    %load/vec4 v0x139ec9f50_0;
    %parti/s 1, 4, 4;
    %cmp/u;
    %jmp/1 T_15.4, 6;
    %dup/vec4;
    %load/vec4 v0x139ec9f50_0;
    %parti/s 1, 5, 4;
    %cmp/u;
    %jmp/1 T_15.5, 6;
    %dup/vec4;
    %load/vec4 v0x139ec9f50_0;
    %parti/s 1, 6, 4;
    %cmp/u;
    %jmp/1 T_15.6, 6;
    %dup/vec4;
    %load/vec4 v0x139ec9f50_0;
    %parti/s 1, 7, 4;
    %cmp/u;
    %jmp/1 T_15.7, 6;
    %dup/vec4;
    %load/vec4 v0x139ec9f50_0;
    %parti/s 1, 8, 5;
    %cmp/u;
    %jmp/1 T_15.8, 6;
    %dup/vec4;
    %load/vec4 v0x139ec9f50_0;
    %parti/s 1, 9, 5;
    %cmp/u;
    %jmp/1 T_15.9, 6;
    %dup/vec4;
    %load/vec4 v0x139ec9f50_0;
    %parti/s 1, 10, 5;
    %cmp/u;
    %jmp/1 T_15.10, 6;
    %dup/vec4;
    %load/vec4 v0x139ec9f50_0;
    %parti/s 1, 11, 5;
    %cmp/u;
    %jmp/1 T_15.11, 6;
    %dup/vec4;
    %load/vec4 v0x139ec9f50_0;
    %parti/s 1, 12, 5;
    %cmp/u;
    %jmp/1 T_15.12, 6;
    %dup/vec4;
    %load/vec4 v0x139ec9f50_0;
    %parti/s 1, 13, 5;
    %cmp/u;
    %jmp/1 T_15.13, 6;
    %dup/vec4;
    %load/vec4 v0x139ec9f50_0;
    %parti/s 1, 14, 5;
    %cmp/u;
    %jmp/1 T_15.14, 6;
    %dup/vec4;
    %load/vec4 v0x139ec9f50_0;
    %parti/s 1, 15, 5;
    %cmp/u;
    %jmp/1 T_15.15, 6;
    %pushi/vec4 0, 0, 4;
    %store/vec4 v0x139ec9af0_0, 0, 4;
    %jmp T_15.17;
T_15.0 ;
    %pushi/vec4 0, 0, 4;
    %store/vec4 v0x139ec9af0_0, 0, 4;
    %jmp T_15.17;
T_15.1 ;
    %pushi/vec4 1, 0, 4;
    %store/vec4 v0x139ec9af0_0, 0, 4;
    %jmp T_15.17;
T_15.2 ;
    %pushi/vec4 2, 0, 4;
    %store/vec4 v0x139ec9af0_0, 0, 4;
    %jmp T_15.17;
T_15.3 ;
    %pushi/vec4 3, 0, 4;
    %store/vec4 v0x139ec9af0_0, 0, 4;
    %jmp T_15.17;
T_15.4 ;
    %pushi/vec4 4, 0, 4;
    %store/vec4 v0x139ec9af0_0, 0, 4;
    %jmp T_15.17;
T_15.5 ;
    %pushi/vec4 5, 0, 4;
    %store/vec4 v0x139ec9af0_0, 0, 4;
    %jmp T_15.17;
T_15.6 ;
    %pushi/vec4 6, 0, 4;
    %store/vec4 v0x139ec9af0_0, 0, 4;
    %jmp T_15.17;
T_15.7 ;
    %pushi/vec4 7, 0, 4;
    %store/vec4 v0x139ec9af0_0, 0, 4;
    %jmp T_15.17;
T_15.8 ;
    %pushi/vec4 8, 0, 4;
    %store/vec4 v0x139ec9af0_0, 0, 4;
    %jmp T_15.17;
T_15.9 ;
    %pushi/vec4 9, 0, 4;
    %store/vec4 v0x139ec9af0_0, 0, 4;
    %jmp T_15.17;
T_15.10 ;
    %pushi/vec4 10, 0, 4;
    %store/vec4 v0x139ec9af0_0, 0, 4;
    %jmp T_15.17;
T_15.11 ;
    %pushi/vec4 11, 0, 4;
    %store/vec4 v0x139ec9af0_0, 0, 4;
    %jmp T_15.17;
T_15.12 ;
    %pushi/vec4 12, 0, 4;
    %store/vec4 v0x139ec9af0_0, 0, 4;
    %jmp T_15.17;
T_15.13 ;
    %pushi/vec4 13, 0, 4;
    %store/vec4 v0x139ec9af0_0, 0, 4;
    %jmp T_15.17;
T_15.14 ;
    %pushi/vec4 14, 0, 4;
    %store/vec4 v0x139ec9af0_0, 0, 4;
    %jmp T_15.17;
T_15.15 ;
    %pushi/vec4 15, 0, 4;
    %store/vec4 v0x139ec9af0_0, 0, 4;
    %jmp T_15.17;
T_15.17 ;
    %pop/vec4 1;
    %jmp T_15;
    .thread T_15, $push;
    .scope S_0x139ec9680;
T_16 ;
    %wait E_0x139e40db0;
    %load/vec4 v0x139ec9d90_0;
    %flag_set/vec4 8;
    %jmp/0xz  T_16.0, 8;
    %pushi/vec4 0, 0, 16;
    %assign/vec4 v0x139ec9f50_0, 0;
    %jmp T_16.1;
T_16.0 ;
    %load/vec4 v0x139ec9d00_0;
    %flag_set/vec4 8;
    %jmp/0xz  T_16.2, 8;
    %pushi/vec4 0, 0, 1;
    %ix/load 5, 0, 0;
    %ix/getv 4, v0x139ec9bc0_0;
    %assign/vec4/off/d v0x139ec9f50_0, 4, 5;
    %jmp T_16.3;
T_16.2 ;
    %load/vec4 v0x139ec9ec0_0;
    %flag_set/vec4 9;
    %flag_get/vec4 9;
    %jmp/0 T_16.6, 9;
    %load/vec4 v0x139ec9a40_0;
    %nor/r;
    %and;
T_16.6;
    %flag_set/vec4 8;
    %jmp/0xz  T_16.4, 8;
    %pushi/vec4 1, 0, 1;
    %ix/load 5, 0, 0;
    %ix/getv 4, v0x139ec9af0_0;
    %assign/vec4/off/d v0x139ec9f50_0, 4, 5;
T_16.4 ;
T_16.3 ;
T_16.1 ;
    %jmp T_16;
    .thread T_16;
    .scope S_0x139e59b40;
T_17 ;
    %wait E_0x139e3ea70;
    %pushi/vec4 0, 0, 1;
    %store/vec4 v0x139ec8f30_0, 0, 1;
    %pushi/vec4 0, 0, 1;
    %store/vec4 v0x139ec7e30_0, 0, 1;
    %pushi/vec4 0, 0, 1;
    %store/vec4 v0x139ec7cf0_0, 0, 1;
    %pushi/vec4 0, 0, 1;
    %store/vec4 v0x139ec91c0_0, 0, 1;
    %pushi/vec4 0, 0, 1;
    %store/vec4 v0x139ec9120_0, 0, 1;
    %pushi/vec4 0, 0, 2;
    %store/vec4 v0x139ec8550_0, 0, 2;
    %pushi/vec4 0, 0, 1;
    %store/vec4 v0x139ec8740_0, 0, 1;
    %pushi/vec4 0, 0, 1;
    %store/vec4 v0x139ec8880_0, 0, 1;
    %pushi/vec4 0, 0, 1;
    %store/vec4 v0x139ec8600_0, 0, 1;
    %pushi/vec4 0, 0, 1;
    %store/vec4 v0x139ec86a0_0, 0, 1;
    %pushi/vec4 0, 0, 1;
    %store/vec4 v0x139ec87e0_0, 0, 1;
    %pushi/vec4 0, 0, 1;
    %store/vec4 v0x139ec8920_0, 0, 1;
    %pushi/vec4 0, 0, 1;
    %store/vec4 v0x139ec7d90_0, 0, 1;
    %pushi/vec4 0, 0, 1;
    %store/vec4 v0x139ec79a0_0, 0, 1;
    %pushi/vec4 0, 0, 1;
    %store/vec4 v0x139ec9080_0, 0, 1;
    %pushi/vec4 0, 0, 1;
    %store/vec4 v0x139ec8370_0, 0, 1;
    %pushi/vec4 0, 0, 1;
    %store/vec4 v0x139ec7ed0_0, 0, 1;
    %pushi/vec4 0, 0, 1;
    %store/vec4 v0x139ec9260_0, 0, 1;
    %pushi/vec4 0, 0, 1;
    %store/vec4 v0x139ec8c40_0, 0, 1;
    %pushi/vec4 0, 0, 1;
    %store/vec4 v0x139ec7fc0_0, 0, 1;
    %pushi/vec4 0, 0, 1;
    %store/vec4 v0x139ec84b0_0, 0, 1;
    %pushi/vec4 0, 0, 1;
    %store/vec4 v0x139ec8410_0, 0, 1;
    %pushi/vec4 0, 0, 1;
    %store/vec4 v0x139ec8170_0, 0, 1;
    %pushi/vec4 0, 0, 3;
    %store/vec4 v0x139ec7b90_0, 0, 3;
    %load/vec4 v0x139ec8bb0_0;
    %dup/vec4;
    %pushi/vec4 0, 0, 3;
    %cmp/u;
    %jmp/1 T_17.0, 6;
    %dup/vec4;
    %pushi/vec4 1, 0, 3;
    %cmp/u;
    %jmp/1 T_17.1, 6;
    %dup/vec4;
    %pushi/vec4 2, 0, 3;
    %cmp/u;
    %jmp/1 T_17.2, 6;
    %dup/vec4;
    %pushi/vec4 3, 0, 3;
    %cmp/u;
    %jmp/1 T_17.3, 6;
    %dup/vec4;
    %pushi/vec4 4, 0, 3;
    %cmp/u;
    %jmp/1 T_17.4, 6;
    %dup/vec4;
    %pushi/vec4 5, 0, 3;
    %cmp/u;
    %jmp/1 T_17.5, 6;
    %dup/vec4;
    %pushi/vec4 6, 0, 3;
    %cmp/u;
    %jmp/1 T_17.6, 6;
    %dup/vec4;
    %pushi/vec4 7, 0, 3;
    %cmp/u;
    %jmp/1 T_17.7, 6;
    %pushi/vec4 0, 0, 3;
    %store/vec4 v0x139ec7b90_0, 0, 3;
    %jmp T_17.9;
T_17.0 ;
    %load/vec4 v0x139ec8e90_0;
    %flag_set/vec4 8;
    %jmp/0xz  T_17.10, 8;
    %load/vec4 v0x139ec75c0_0;
    %flag_set/vec4 8;
    %jmp/0xz  T_17.12, 8;
    %load/vec4 v0x139ec77f0_0;
    %nor/r;
    %flag_set/vec4 8;
    %jmp/0xz  T_17.14, 8;
    %pushi/vec4 6, 0, 3;
    %store/vec4 v0x139ec7b90_0, 0, 3;
    %pushi/vec4 1, 0, 1;
    %store/vec4 v0x139ec9120_0, 0, 1;
    %jmp T_17.15;
T_17.14 ;
    %pushi/vec4 0, 0, 3;
    %store/vec4 v0x139ec7b90_0, 0, 3;
T_17.15 ;
    %jmp T_17.13;
T_17.12 ;
    %load/vec4 v0x139ec82c0_0;
    %cmpi/ne 3, 0, 2;
    %jmp/0xz  T_17.16, 4;
    %load/vec4 v0x139ec8cd0_0;
    %nor/r;
    %flag_set/vec4 9;
    %flag_get/vec4 9;
    %jmp/0 T_17.20, 9;
    %load/vec4 v0x139ec77f0_0;
    %nor/r;
    %and;
T_17.20;
    %flag_set/vec4 8;
    %jmp/0xz  T_17.18, 8;
    %load/vec4 v0x139ec8df0_0;
    %flag_set/vec4 8;
    %jmp/0xz  T_17.21, 8;
    %pushi/vec4 4, 0, 3;
    %store/vec4 v0x139ec7b90_0, 0, 3;
    %pushi/vec4 1, 0, 1;
    %store/vec4 v0x139ec91c0_0, 0, 1;
    %jmp T_17.22;
T_17.21 ;
    %pushi/vec4 5, 0, 3;
    %store/vec4 v0x139ec7b90_0, 0, 3;
    %pushi/vec4 1, 0, 1;
    %store/vec4 v0x139ec9120_0, 0, 1;
T_17.22 ;
    %jmp T_17.19;
T_17.18 ;
    %load/vec4 v0x139ec8cd0_0;
    %nor/r;
    %flag_set/vec4 8;
    %jmp/0xz  T_17.23, 8;
    %pushi/vec4 4, 0, 3;
    %store/vec4 v0x139ec7b90_0, 0, 3;
    %pushi/vec4 1, 0, 1;
    %store/vec4 v0x139ec91c0_0, 0, 1;
    %jmp T_17.24;
T_17.23 ;
    %load/vec4 v0x139ec77f0_0;
    %nor/r;
    %flag_set/vec4 8;
    %jmp/0xz  T_17.25, 8;
    %pushi/vec4 5, 0, 3;
    %store/vec4 v0x139ec7b90_0, 0, 3;
    %pushi/vec4 1, 0, 1;
    %store/vec4 v0x139ec9120_0, 0, 1;
    %jmp T_17.26;
T_17.25 ;
    %pushi/vec4 0, 0, 3;
    %store/vec4 v0x139ec7b90_0, 0, 3;
T_17.26 ;
T_17.24 ;
T_17.19 ;
    %jmp T_17.17;
T_17.16 ;
    %pushi/vec4 0, 0, 3;
    %store/vec4 v0x139ec7b90_0, 0, 3;
T_17.17 ;
T_17.13 ;
    %jmp T_17.11;
T_17.10 ;
    %pushi/vec4 1, 0, 3;
    %store/vec4 v0x139ec7b90_0, 0, 3;
    %pushi/vec4 1, 0, 1;
    %store/vec4 v0x139ec8f30_0, 0, 1;
T_17.11 ;
    %jmp T_17.9;
T_17.1 ;
    %load/vec4 v0x139ec7ae0_0;
    %cmpi/e 0, 0, 3;
    %jmp/0xz  T_17.27, 4;
    %load/vec4 v0x139ec7460_0;
    %load/vec4 v0x139ec7c40_0;
    %part/u 1;
    %flag_set/vec4 8;
    %jmp/0xz  T_17.29, 8;
    %pushi/vec4 2, 0, 3;
    %store/vec4 v0x139ec7b90_0, 0, 3;
    %load/vec4 v0x139ec7a30_0;
    %cmpi/e 0, 0, 2;
    %jmp/0xz  T_17.31, 4;
    %load/vec4 v0x139ec8d60_0;
    %flag_set/vec4 8;
    %jmp/0xz  T_17.33, 8;
    %pushi/vec4 1, 0, 1;
    %store/vec4 v0x139ec8600_0, 0, 1;
    %pushi/vec4 1, 0, 1;
    %store/vec4 v0x139ec7fc0_0, 0, 1;
    %jmp T_17.34;
T_17.33 ;
    %pushi/vec4 1, 0, 1;
    %store/vec4 v0x139ec7e30_0, 0, 1;
    %pushi/vec4 1, 0, 1;
    %store/vec4 v0x139ec8740_0, 0, 1;
T_17.34 ;
    %jmp T_17.32;
T_17.31 ;
    %load/vec4 v0x139ec7a30_0;
    %cmpi/e 1, 0, 2;
    %jmp/0xz  T_17.35, 4;
    %load/vec4 v0x139ec7890_0;
    %flag_set/vec4 8;
    %jmp/1 T_17.39, 8;
    %load/vec4 v0x139ec75c0_0;
    %flag_set/vec4 9;
    %flag_or 8, 9;
T_17.39;
    %jmp/0xz  T_17.37, 8;
    %pushi/vec4 1, 0, 1;
    %store/vec4 v0x139ec8600_0, 0, 1;
    %pushi/vec4 1, 0, 1;
    %store/vec4 v0x139ec7fc0_0, 0, 1;
    %jmp T_17.38;
T_17.37 ;
    %pushi/vec4 1, 0, 1;
    %store/vec4 v0x139ec7cf0_0, 0, 1;
    %pushi/vec4 1, 0, 1;
    %store/vec4 v0x139ec8740_0, 0, 1;
T_17.38 ;
T_17.35 ;
T_17.32 ;
    %jmp T_17.30;
T_17.29 ;
    %pushi/vec4 3, 0, 3;
    %store/vec4 v0x139ec7b90_0, 0, 3;
T_17.30 ;
    %jmp T_17.28;
T_17.27 ;
    %load/vec4 v0x139ec7ae0_0;
    %cmpi/e 1, 0, 3;
    %jmp/0xz  T_17.40, 4;
    %load/vec4 v0x139ec7460_0;
    %load/vec4 v0x139ec7c40_0;
    %part/u 1;
    %flag_set/vec4 8;
    %jmp/0xz  T_17.42, 8;
    %pushi/vec4 3, 0, 3;
    %store/vec4 v0x139ec7b90_0, 0, 3;
    %load/vec4 v0x139ec7a30_0;
    %nor/r;
    %flag_set/vec4 8;
    %jmp/0xz  T_17.44, 8;
    %load/vec4 v0x139ec8210_0;
    %parti/s 4, 1, 2;
    %load/vec4 v0x139ec7c40_0;
    %cmp/e;
    %flag_get/vec4 4;
    %jmp/0 T_17.48, 4;
    %load/vec4 v0x139ec8210_0;
    %parti/s 1, 0, 2;
    %and;
T_17.48;
    %flag_set/vec4 8;
    %jmp/0xz  T_17.46, 8;
    %pushi/vec4 1, 0, 1;
    %store/vec4 v0x139ec7fc0_0, 0, 1;
T_17.46 ;
    %pushi/vec4 1, 0, 1;
    %store/vec4 v0x139ec9080_0, 0, 1;
    %pushi/vec4 0, 0, 1;
    %store/vec4 v0x139ec8370_0, 0, 1;
    %jmp T_17.45;
T_17.44 ;
    %load/vec4 v0x139ec7a30_0;
    %cmpi/ne 0, 0, 2;
    %jmp/0xz  T_17.49, 4;
    %load/vec4 v0x139ec8210_0;
    %parti/s 4, 6, 4;
    %load/vec4 v0x139ec7c40_0;
    %cmp/e;
    %flag_get/vec4 4;
    %jmp/0 T_17.53, 4;
    %load/vec4 v0x139ec8210_0;
    %parti/s 1, 5, 4;
    %and;
T_17.53;
    %flag_set/vec4 8;
    %jmp/0xz  T_17.51, 8;
    %pushi/vec4 1, 0, 1;
    %store/vec4 v0x139ec7fc0_0, 0, 1;
T_17.51 ;
    %pushi/vec4 1, 0, 1;
    %store/vec4 v0x139ec9080_0, 0, 1;
    %pushi/vec4 1, 0, 1;
    %store/vec4 v0x139ec8370_0, 0, 1;
T_17.49 ;
T_17.45 ;
    %jmp T_17.43;
T_17.42 ;
    %pushi/vec4 3, 0, 3;
    %store/vec4 v0x139ec7b90_0, 0, 3;
T_17.43 ;
    %jmp T_17.41;
T_17.40 ;
    %load/vec4 v0x139ec7ae0_0;
    %cmpi/e 2, 0, 3;
    %jmp/0xz  T_17.54, 4;
    %load/vec4 v0x139ec7a30_0;
    %cmpi/e 1, 0, 2;
    %jmp/0xz  T_17.56, 4;
    %load/vec4 v0x139ec77f0_0;
    %nor/r;
    %flag_set/vec4 8;
    %jmp/0xz  T_17.58, 8;
    %pushi/vec4 6, 0, 3;
    %store/vec4 v0x139ec7b90_0, 0, 3;
    %pushi/vec4 1, 0, 1;
    %store/vec4 v0x139ec9120_0, 0, 1;
    %jmp T_17.59;
T_17.58 ;
    %pushi/vec4 0, 0, 3;
    %store/vec4 v0x139ec7b90_0, 0, 3;
T_17.59 ;
    %pushi/vec4 1, 0, 1;
    %store/vec4 v0x139ec7ed0_0, 0, 1;
    %jmp T_17.57;
T_17.56 ;
    %load/vec4 v0x139ec7a30_0;
    %cmpi/e 0, 0, 2;
    %jmp/0xz  T_17.60, 4;
    %pushi/vec4 3, 0, 3;
    %store/vec4 v0x139ec7b90_0, 0, 3;
    %load/vec4 v0x139ec76a0_0;
    %load/vec4 v0x139ec7c40_0;
    %cmp/e;
    %jmp/0xz  T_17.62, 4;
    %pushi/vec4 1, 0, 1;
    %store/vec4 v0x139ec9260_0, 0, 1;
T_17.62 ;
    %pushi/vec4 1, 0, 1;
    %store/vec4 v0x139ec7fc0_0, 0, 1;
T_17.60 ;
T_17.57 ;
    %jmp T_17.55;
T_17.54 ;
    %load/vec4 v0x139ec7ae0_0;
    %cmpi/e 7, 0, 3;
    %jmp/0xz  T_17.64, 4;
    %pushi/vec4 2, 0, 3;
    %store/vec4 v0x139ec7b90_0, 0, 3;
    %load/vec4 v0x139ec7750_0;
    %flag_set/vec4 8;
    %jmp/0xz  T_17.66, 8;
    %pushi/vec4 1, 0, 1;
    %store/vec4 v0x139ec87e0_0, 0, 1;
    %jmp T_17.67;
T_17.66 ;
    %pushi/vec4 1, 0, 1;
    %store/vec4 v0x139ec8920_0, 0, 1;
    %pushi/vec4 1, 0, 1;
    %store/vec4 v0x139ec8c40_0, 0, 1;
T_17.67 ;
    %jmp T_17.65;
T_17.64 ;
    %pushi/vec4 2, 0, 3;
    %store/vec4 v0x139ec7b90_0, 0, 3;
    %pushi/vec4 1, 0, 1;
    %store/vec4 v0x139ec8880_0, 0, 1;
T_17.65 ;
T_17.55 ;
T_17.41 ;
T_17.28 ;
    %jmp T_17.9;
T_17.2 ;
    %load/vec4 v0x139ec8050_0;
    %flag_set/vec4 8;
    %jmp/0xz  T_17.68, 8;
    %pushi/vec4 2, 0, 3;
    %store/vec4 v0x139ec7b90_0, 0, 3;
    %jmp T_17.69;
T_17.68 ;
    %pushi/vec4 3, 0, 3;
    %store/vec4 v0x139ec7b90_0, 0, 3;
    %pushi/vec4 1, 0, 1;
    %store/vec4 v0x139ec7d90_0, 0, 1;
T_17.69 ;
    %jmp T_17.9;
T_17.3 ;
    %load/vec4 v0x139ec75c0_0;
    %flag_set/vec4 8;
    %jmp/0xz  T_17.70, 8;
    %load/vec4 v0x139ec77f0_0;
    %nor/r;
    %flag_set/vec4 8;
    %jmp/0xz  T_17.72, 8;
    %pushi/vec4 6, 0, 3;
    %store/vec4 v0x139ec7b90_0, 0, 3;
    %pushi/vec4 1, 0, 1;
    %store/vec4 v0x139ec9120_0, 0, 1;
    %jmp T_17.73;
T_17.72 ;
    %pushi/vec4 0, 0, 3;
    %store/vec4 v0x139ec7b90_0, 0, 3;
T_17.73 ;
    %jmp T_17.71;
T_17.70 ;
    %load/vec4 v0x139ec82c0_0;
    %cmpi/ne 3, 0, 2;
    %jmp/0xz  T_17.74, 4;
    %load/vec4 v0x139ec8cd0_0;
    %nor/r;
    %flag_set/vec4 9;
    %flag_get/vec4 9;
    %jmp/0 T_17.78, 9;
    %load/vec4 v0x139ec77f0_0;
    %nor/r;
    %and;
T_17.78;
    %flag_set/vec4 8;
    %jmp/0xz  T_17.76, 8;
    %load/vec4 v0x139ec8df0_0;
    %flag_set/vec4 8;
    %jmp/0xz  T_17.79, 8;
    %pushi/vec4 4, 0, 3;
    %store/vec4 v0x139ec7b90_0, 0, 3;
    %pushi/vec4 1, 0, 1;
    %store/vec4 v0x139ec91c0_0, 0, 1;
    %pushi/vec4 1, 0, 1;
    %store/vec4 v0x139ec8170_0, 0, 1;
    %jmp T_17.80;
T_17.79 ;
    %pushi/vec4 5, 0, 3;
    %store/vec4 v0x139ec7b90_0, 0, 3;
    %pushi/vec4 1, 0, 1;
    %store/vec4 v0x139ec9120_0, 0, 1;
    %pushi/vec4 1, 0, 1;
    %store/vec4 v0x139ec8170_0, 0, 1;
T_17.80 ;
    %jmp T_17.77;
T_17.76 ;
    %load/vec4 v0x139ec8cd0_0;
    %nor/r;
    %flag_set/vec4 8;
    %jmp/0xz  T_17.81, 8;
    %pushi/vec4 4, 0, 3;
    %store/vec4 v0x139ec7b90_0, 0, 3;
    %pushi/vec4 1, 0, 1;
    %store/vec4 v0x139ec91c0_0, 0, 1;
    %jmp T_17.82;
T_17.81 ;
    %load/vec4 v0x139ec77f0_0;
    %nor/r;
    %flag_set/vec4 8;
    %jmp/0xz  T_17.83, 8;
    %pushi/vec4 5, 0, 3;
    %store/vec4 v0x139ec7b90_0, 0, 3;
    %pushi/vec4 1, 0, 1;
    %store/vec4 v0x139ec9120_0, 0, 1;
    %jmp T_17.84;
T_17.83 ;
    %pushi/vec4 0, 0, 3;
    %store/vec4 v0x139ec7b90_0, 0, 3;
T_17.84 ;
T_17.82 ;
T_17.77 ;
    %jmp T_17.75;
T_17.74 ;
    %pushi/vec4 0, 0, 3;
    %store/vec4 v0x139ec7b90_0, 0, 3;
T_17.75 ;
T_17.71 ;
    %jmp T_17.9;
T_17.4 ;
    %pushi/vec4 7, 0, 3;
    %store/vec4 v0x139ec7b90_0, 0, 3;
    %pushi/vec4 1, 0, 1;
    %store/vec4 v0x139ec84b0_0, 0, 1;
    %load/vec4 v0x139ec82c0_0;
    %parti/s 1, 0, 2;
    %nor/r;
    %flag_set/vec4 8;
    %jmp/0xz  T_17.85, 8;
    %pushi/vec4 0, 0, 1;
    %store/vec4 v0x139ec8370_0, 0, 1;
    %pushi/vec4 1, 0, 1;
    %store/vec4 v0x139ec79a0_0, 0, 1;
    %pushi/vec4 1, 0, 2;
    %store/vec4 v0x139ec8550_0, 0, 2;
    %jmp T_17.86;
T_17.85 ;
    %load/vec4 v0x139ec82c0_0;
    %parti/s 1, 1, 2;
    %nor/r;
    %flag_set/vec4 8;
    %jmp/0xz  T_17.87, 8;
    %pushi/vec4 1, 0, 1;
    %store/vec4 v0x139ec8370_0, 0, 1;
    %pushi/vec4 1, 0, 1;
    %store/vec4 v0x139ec79a0_0, 0, 1;
    %pushi/vec4 1, 0, 2;
    %store/vec4 v0x139ec8550_0, 0, 2;
T_17.87 ;
T_17.86 ;
    %jmp T_17.9;
T_17.5 ;
    %pushi/vec4 7, 0, 3;
    %store/vec4 v0x139ec7b90_0, 0, 3;
    %load/vec4 v0x139ec82c0_0;
    %parti/s 1, 0, 2;
    %nor/r;
    %flag_set/vec4 8;
    %jmp/0xz  T_17.89, 8;
    %pushi/vec4 0, 0, 1;
    %store/vec4 v0x139ec8370_0, 0, 1;
    %pushi/vec4 1, 0, 1;
    %store/vec4 v0x139ec79a0_0, 0, 1;
    %pushi/vec4 2, 0, 2;
    %store/vec4 v0x139ec8550_0, 0, 2;
    %jmp T_17.90;
T_17.89 ;
    %load/vec4 v0x139ec82c0_0;
    %parti/s 1, 1, 2;
    %nor/r;
    %flag_set/vec4 8;
    %jmp/0xz  T_17.91, 8;
    %pushi/vec4 1, 0, 1;
    %store/vec4 v0x139ec8370_0, 0, 1;
    %pushi/vec4 1, 0, 1;
    %store/vec4 v0x139ec79a0_0, 0, 1;
    %pushi/vec4 2, 0, 2;
    %store/vec4 v0x139ec8550_0, 0, 2;
T_17.91 ;
T_17.90 ;
    %jmp T_17.9;
T_17.6 ;
    %pushi/vec4 7, 0, 3;
    %store/vec4 v0x139ec7b90_0, 0, 3;
    %pushi/vec4 1, 0, 1;
    %store/vec4 v0x139ec86a0_0, 0, 1;
    %pushi/vec4 1, 0, 1;
    %store/vec4 v0x139ec8410_0, 0, 1;
    %pushi/vec4 1, 0, 1;
    %store/vec4 v0x139ec7fc0_0, 0, 1;
    %jmp T_17.9;
T_17.7 ;
    %pushi/vec4 0, 0, 3;
    %store/vec4 v0x139ec7b90_0, 0, 3;
    %pushi/vec4 1, 0, 1;
    %store/vec4 v0x139ec7d90_0, 0, 1;
    %jmp T_17.9;
T_17.9 ;
    %pop/vec4 1;
    %jmp T_17;
    .thread T_17, $push;
    .scope S_0x139e59b40;
T_18 ;
    %wait E_0x139e40db0;
    %load/vec4 v0x139ec80e0_0;
    %flag_set/vec4 8;
    %jmp/0xz  T_18.0, 8;
    %pushi/vec4 0, 0, 3;
    %assign/vec4 v0x139ec8bb0_0, 0;
    %jmp T_18.1;
T_18.0 ;
    %load/vec4 v0x139ec7b90_0;
    %assign/vec4 v0x139ec8bb0_0, 0;
T_18.1 ;
    %jmp T_18;
    .thread T_18;
    .scope S_0x139e59b40;
T_19 ;
    %wait E_0x139e40db0;
    %load/vec4 v0x139ec80e0_0;
    %flag_set/vec4 8;
    %jmp/0xz  T_19.0, 8;
    %pushi/vec4 0, 0, 1;
    %assign/vec4 v0x139ec8df0_0, 0;
    %jmp T_19.1;
T_19.0 ;
    %load/vec4 v0x139ec8170_0;
    %flag_set/vec4 8;
    %jmp/0xz  T_19.2, 8;
    %load/vec4 v0x139ec8df0_0;
    %inv;
    %assign/vec4 v0x139ec8df0_0, 0;
T_19.2 ;
T_19.1 ;
    %jmp T_19;
    .thread T_19;
    .scope S_0x139ecdb40;
T_20 ;
    %wait E_0x139e40db0;
    %load/vec4 v0x139ecea40_0;
    %flag_set/vec4 8;
    %jmp/0xz  T_20.0, 8;
    %pushi/vec4 0, 0, 3;
    %assign/vec4 v0x139ece410_0, 0;
    %pushi/vec4 0, 0, 2;
    %assign/vec4 v0x139ece7c0_0, 0;
    %pushi/vec4 0, 0, 2;
    %assign/vec4 v0x139ece850_0, 0;
    %pushi/vec4 0, 0, 8;
    %assign/vec4 v0x139ece5d0_0, 0;
    %jmp T_20.1;
T_20.0 ;
    %load/vec4 v0x139ece990_0;
    %flag_set/vec4 10;
    %flag_get/vec4 10;
    %jmp/0 T_20.5, 10;
    %load/vec4 v0x139ece680_0;
    %nor/r;
    %and;
T_20.5;
    %flag_set/vec4 9;
    %flag_get/vec4 9;
    %jmp/0 T_20.4, 9;
    %load/vec4 v0x139ecebd0_0;
    %and;
T_20.4;
    %flag_set/vec4 8;
    %jmp/0xz  T_20.2, 8;
    %load/vec4 v0x139ece8e0_0;
    %load/vec4 v0x139ece7c0_0;
    %pad/u 32;
    %muli 8, 0, 32;
    %part/u 8;
    %assign/vec4 v0x139ece5d0_0, 0;
    %load/vec4 v0x139ece7c0_0;
    %addi 1, 0, 2;
    %assign/vec4 v0x139ece7c0_0, 0;
    %load/vec4 v0x139ece4c0_0;
    %ix/load 5, 0, 0;
    %load/vec4 v0x139ece850_0;
    %pad/u 32;
    %muli 8, 0, 32;
    %ix/vec4 4;
    %assign/vec4/off/d v0x139ece8e0_0, 4, 5;
    %load/vec4 v0x139ece850_0;
    %addi 1, 0, 2;
    %assign/vec4 v0x139ece850_0, 0;
    %jmp T_20.3;
T_20.2 ;
    %load/vec4 v0x139ece990_0;
    %flag_set/vec4 9;
    %flag_get/vec4 9;
    %jmp/0 T_20.8, 9;
    %load/vec4 v0x139ece680_0;
    %nor/r;
    %and;
T_20.8;
    %flag_set/vec4 8;
    %jmp/0xz  T_20.6, 8;
    %load/vec4 v0x139ece8e0_0;
    %load/vec4 v0x139ece7c0_0;
    %pad/u 32;
    %muli 8, 0, 32;
    %part/u 8;
    %assign/vec4 v0x139ece5d0_0, 0;
    %load/vec4 v0x139ece7c0_0;
    %addi 1, 0, 2;
    %assign/vec4 v0x139ece7c0_0, 0;
    %load/vec4 v0x139ece410_0;
    %subi 1, 0, 3;
    %assign/vec4 v0x139ece410_0, 0;
    %jmp T_20.7;
T_20.6 ;
    %load/vec4 v0x139ecebd0_0;
    %flag_set/vec4 9;
    %flag_get/vec4 9;
    %jmp/0 T_20.11, 9;
    %load/vec4 v0x139ece730_0;
    %nor/r;
    %and;
T_20.11;
    %flag_set/vec4 8;
    %jmp/0xz  T_20.9, 8;
    %load/vec4 v0x139ece4c0_0;
    %ix/load 5, 0, 0;
    %load/vec4 v0x139ece850_0;
    %pad/u 32;
    %muli 8, 0, 32;
    %ix/vec4 4;
    %assign/vec4/off/d v0x139ece8e0_0, 4, 5;
    %load/vec4 v0x139ece850_0;
    %addi 1, 0, 2;
    %assign/vec4 v0x139ece850_0, 0;
    %load/vec4 v0x139ece410_0;
    %addi 1, 0, 3;
    %assign/vec4 v0x139ece410_0, 0;
T_20.9 ;
T_20.7 ;
T_20.3 ;
T_20.1 ;
    %jmp T_20;
    .thread T_20;
    .scope S_0x139ecb220;
T_21 ;
    %wait E_0x139eca3d0;
    %pushi/vec4 0, 0, 1;
    %store/vec4 v0x139ecb750_0, 0, 1;
    %pushi/vec4 0, 0, 1;
    %store/vec4 v0x139ecb970_0, 0, 1;
    %load/vec4 v0x139ecb830_0;
    %dup/vec4;
    %pushi/vec4 0, 0, 1;
    %cmp/u;
    %jmp/1 T_21.0, 6;
    %dup/vec4;
    %pushi/vec4 1, 0, 1;
    %cmp/u;
    %jmp/1 T_21.1, 6;
    %pushi/vec4 0, 0, 1;
    %store/vec4 v0x139ecb570_0, 0, 1;
    %jmp T_21.3;
T_21.0 ;
    %load/vec4 v0x139ecb610_0;
    %flag_set/vec4 8;
    %jmp/1 T_21.6, 8;
    %load/vec4 v0x139ecb8d0_0;
    %nor/r;
    %flag_set/vec4 9;
    %flag_or 8, 9;
T_21.6;
    %jmp/0xz  T_21.4, 8;
    %pushi/vec4 0, 0, 1;
    %store/vec4 v0x139ecb570_0, 0, 1;
    %jmp T_21.5;
T_21.4 ;
    %pushi/vec4 1, 0, 1;
    %store/vec4 v0x139ecb570_0, 0, 1;
    %pushi/vec4 1, 0, 1;
    %store/vec4 v0x139ecb750_0, 0, 1;
T_21.5 ;
    %jmp T_21.3;
T_21.1 ;
    %pushi/vec4 0, 0, 1;
    %store/vec4 v0x139ecb570_0, 0, 1;
    %pushi/vec4 1, 0, 1;
    %store/vec4 v0x139ecb970_0, 0, 1;
    %jmp T_21.3;
T_21.3 ;
    %pop/vec4 1;
    %jmp T_21;
    .thread T_21, $push;
    .scope S_0x139ecb220;
T_22 ;
    %wait E_0x139e40db0;
    %load/vec4 v0x139ecb6c0_0;
    %flag_set/vec4 8;
    %jmp/0xz  T_22.0, 8;
    %pushi/vec4 0, 0, 1;
    %assign/vec4 v0x139ecb830_0, 0;
    %jmp T_22.1;
T_22.0 ;
    %load/vec4 v0x139ecb570_0;
    %assign/vec4 v0x139ecb830_0, 0;
T_22.1 ;
    %jmp T_22;
    .thread T_22;
    .scope S_0x139ecbaa0;
T_23 ;
    %wait E_0x139e40db0;
    %load/vec4 v0x139ecc530_0;
    %flag_set/vec4 8;
    %jmp/0xz  T_23.0, 8;
    %pushi/vec4 0, 0, 10;
    %assign/vec4 v0x139ecc640_0, 0;
    %jmp T_23.1;
T_23.0 ;
    %load/vec4 v0x139ecc300_0;
    %flag_set/vec4 9;
    %flag_get/vec4 9;
    %jmp/0 T_23.4, 9;
    %load/vec4 v0x139ecc880_0;
    %nor/r;
    %and;
T_23.4;
    %flag_set/vec4 8;
    %jmp/0xz  T_23.2, 8;
    %load/vec4 v0x139ecc760_0;
    %flag_set/vec4 8;
    %jmp/0xz  T_23.5, 8;
    %load/vec4 v0x139ecc390_0;
    %ix/load 4, 6, 0;
    %ix/load 5, 0, 0;
    %flag_set/imm 4, 0;
    %assign/vec4/off/d v0x139ecc640_0, 4, 5;
    %pushi/vec4 1, 0, 1;
    %ix/load 4, 5, 0;
    %ix/load 5, 0, 0;
    %flag_set/imm 4, 0;
    %assign/vec4/off/d v0x139ecc640_0, 4, 5;
    %jmp T_23.6;
T_23.5 ;
    %load/vec4 v0x139ecc390_0;
    %ix/load 4, 1, 0;
    %ix/load 5, 0, 0;
    %flag_set/imm 4, 0;
    %assign/vec4/off/d v0x139ecc640_0, 4, 5;
    %pushi/vec4 1, 0, 1;
    %ix/load 4, 0, 0;
    %ix/load 5, 0, 0;
    %flag_set/imm 4, 0;
    %assign/vec4/off/d v0x139ecc640_0, 4, 5;
T_23.6 ;
    %jmp T_23.3;
T_23.2 ;
    %load/vec4 v0x139ecc300_0;
    %nor/r;
    %flag_set/vec4 9;
    %flag_get/vec4 9;
    %jmp/0 T_23.9, 9;
    %load/vec4 v0x139ecc880_0;
    %and;
T_23.9;
    %flag_set/vec4 8;
    %jmp/0xz  T_23.7, 8;
    %load/vec4 v0x139ecc760_0;
    %flag_set/vec4 8;
    %jmp/0xz  T_23.10, 8;
    %load/vec4 v0x139ecc4a0_0;
    %load/vec4 v0x139ecc640_0;
    %parti/s 4, 6, 4;
    %cmp/e;
    %jmp/0xz  T_23.12, 4;
    %pushi/vec4 0, 0, 1;
    %ix/load 4, 5, 0;
    %ix/load 5, 0, 0;
    %flag_set/imm 4, 0;
    %assign/vec4/off/d v0x139ecc640_0, 4, 5;
T_23.12 ;
    %jmp T_23.11;
T_23.10 ;
    %load/vec4 v0x139ecc4a0_0;
    %load/vec4 v0x139ecc640_0;
    %parti/s 4, 1, 2;
    %cmp/e;
    %jmp/0xz  T_23.14, 4;
    %pushi/vec4 0, 0, 1;
    %ix/load 4, 0, 0;
    %ix/load 5, 0, 0;
    %flag_set/imm 4, 0;
    %assign/vec4/off/d v0x139ecc640_0, 4, 5;
T_23.14 ;
T_23.11 ;
T_23.7 ;
T_23.3 ;
T_23.1 ;
    %jmp T_23;
    .thread T_23;
    .scope S_0x139e08500;
T_24 ;
    %wait E_0x139e4ee70;
    %load/vec4 v0x139ed1560_0;
    %flag_set/vec4 8;
    %jmp/0xz  T_24.0, 8;
    %load/vec4 v0x139ed01d0_0;
    %store/vec4 v0x139ed07d0_0, 0, 4;
    %jmp T_24.1;
T_24.0 ;
    %load/vec4 v0x139ed2110_0;
    %parti/s 4, 4, 4;
    %store/vec4 v0x139ed07d0_0, 0, 4;
T_24.1 ;
    %jmp T_24;
    .thread T_24, $push;
    .scope S_0x139e08500;
T_25 ;
    %wait E_0x139e40db0;
    %load/vec4 v0x139ed1150_0;
    %flag_set/vec4 8;
    %jmp/0xz  T_25.0, 8;
    %pushi/vec4 0, 0, 8;
    %assign/vec4 v0x139ed10c0_0, 0;
    %jmp T_25.1;
T_25.0 ;
    %load/vec4 v0x139ed1680_0;
    %parti/s 1, 0, 2;
    %load/vec4 v0x139ed1680_0;
    %parti/s 1, 1, 2;
    %xor;
    %flag_set/vec4 8;
    %jmp/0xz  T_25.2, 8;
    %load/vec4 v0x139ed1680_0;
    %parti/s 1, 0, 2;
    %flag_set/vec4 8;
    %jmp/0xz  T_25.4, 8;
    %load/vec4 v0x139ed0260_0;
    %ix/load 4, 4, 0;
    %ix/load 5, 0, 0;
    %flag_set/imm 4, 0;
    %assign/vec4/off/d v0x139ed10c0_0, 4, 5;
    %pushi/vec4 3, 0, 3;
    %ix/load 4, 1, 0;
    %ix/load 5, 0, 0;
    %flag_set/imm 4, 0;
    %assign/vec4/off/d v0x139ed10c0_0, 4, 5;
    %load/vec4 v0x139ed1440_0;
    %ix/load 4, 0, 0;
    %ix/load 5, 0, 0;
    %flag_set/imm 4, 0;
    %assign/vec4/off/d v0x139ed10c0_0, 4, 5;
    %jmp T_25.5;
T_25.4 ;
    %load/vec4 v0x139ed1680_0;
    %parti/s 1, 1, 2;
    %flag_set/vec4 8;
    %jmp/0xz  T_25.6, 8;
    %load/vec4 v0x139ed01d0_0;
    %ix/load 4, 4, 0;
    %ix/load 5, 0, 0;
    %flag_set/imm 4, 0;
    %assign/vec4/off/d v0x139ed10c0_0, 4, 5;
    %pushi/vec4 3, 0, 3;
    %ix/load 4, 1, 0;
    %ix/load 5, 0, 0;
    %flag_set/imm 4, 0;
    %assign/vec4/off/d v0x139ed10c0_0, 4, 5;
    %load/vec4 v0x139ed1440_0;
    %ix/load 4, 0, 0;
    %ix/load 5, 0, 0;
    %flag_set/imm 4, 0;
    %assign/vec4/off/d v0x139ed10c0_0, 4, 5;
T_25.6 ;
T_25.5 ;
    %jmp T_25.3;
T_25.2 ;
    %load/vec4 v0x139ed19a0_0;
    %flag_set/vec4 8;
    %jmp/0xz  T_25.8, 8;
    %load/vec4 v0x139ed2110_0;
    %parti/s 4, 4, 4;
    %ix/load 4, 4, 0;
    %ix/load 5, 0, 0;
    %flag_set/imm 4, 0;
    %assign/vec4/off/d v0x139ed10c0_0, 4, 5;
    %pushi/vec4 4, 0, 3;
    %ix/load 4, 1, 0;
    %ix/load 5, 0, 0;
    %flag_set/imm 4, 0;
    %assign/vec4/off/d v0x139ed10c0_0, 4, 5;
    %pushi/vec4 0, 0, 1;
    %ix/load 4, 0, 0;
    %ix/load 5, 0, 0;
    %flag_set/imm 4, 0;
    %assign/vec4/off/d v0x139ed10c0_0, 4, 5;
    %jmp T_25.9;
T_25.8 ;
    %load/vec4 v0x139ed1b50_0;
    %flag_set/vec4 8;
    %jmp/0xz  T_25.10, 8;
    %load/vec4 v0x139ed2110_0;
    %parti/s 4, 4, 4;
    %ix/load 4, 4, 0;
    %ix/load 5, 0, 0;
    %flag_set/imm 4, 0;
    %assign/vec4/off/d v0x139ed10c0_0, 4, 5;
    %pushi/vec4 5, 0, 3;
    %ix/load 4, 1, 0;
    %ix/load 5, 0, 0;
    %flag_set/imm 4, 0;
    %assign/vec4/off/d v0x139ed10c0_0, 4, 5;
    %pushi/vec4 0, 0, 1;
    %ix/load 4, 0, 0;
    %ix/load 5, 0, 0;
    %flag_set/imm 4, 0;
    %assign/vec4/off/d v0x139ed10c0_0, 4, 5;
    %jmp T_25.11;
T_25.10 ;
    %load/vec4 v0x139ed0a90_0;
    %flag_set/vec4 8;
    %jmp/0xz  T_25.12, 8;
    %load/vec4 v0x139ed2110_0;
    %parti/s 4, 4, 4;
    %ix/load 4, 4, 0;
    %ix/load 5, 0, 0;
    %flag_set/imm 4, 0;
    %assign/vec4/off/d v0x139ed10c0_0, 4, 5;
    %pushi/vec4 6, 0, 3;
    %ix/load 4, 1, 0;
    %ix/load 5, 0, 0;
    %flag_set/imm 4, 0;
    %assign/vec4/off/d v0x139ed10c0_0, 4, 5;
    %pushi/vec4 0, 0, 1;
    %ix/load 4, 0, 0;
    %ix/load 5, 0, 0;
    %flag_set/imm 4, 0;
    %assign/vec4/off/d v0x139ed10c0_0, 4, 5;
    %jmp T_25.13;
T_25.12 ;
    %load/vec4 v0x139ed1910_0;
    %flag_set/vec4 8;
    %jmp/0xz  T_25.14, 8;
    %load/vec4 v0x139ed01d0_0;
    %ix/load 4, 4, 0;
    %ix/load 5, 0, 0;
    %flag_set/imm 4, 0;
    %assign/vec4/off/d v0x139ed10c0_0, 4, 5;
    %pushi/vec4 6, 0, 3;
    %ix/load 4, 1, 0;
    %ix/load 5, 0, 0;
    %flag_set/imm 4, 0;
    %assign/vec4/off/d v0x139ed10c0_0, 4, 5;
    %pushi/vec4 0, 0, 1;
    %ix/load 4, 0, 0;
    %ix/load 5, 0, 0;
    %flag_set/imm 4, 0;
    %assign/vec4/off/d v0x139ed10c0_0, 4, 5;
    %jmp T_25.15;
T_25.14 ;
    %load/vec4 v0x139ed1a30_0;
    %flag_set/vec4 8;
    %jmp/0xz  T_25.16, 8;
    %pushi/vec4 0, 0, 4;
    %ix/load 4, 4, 0;
    %ix/load 5, 0, 0;
    %flag_set/imm 4, 0;
    %assign/vec4/off/d v0x139ed10c0_0, 4, 5;
    %pushi/vec4 7, 0, 3;
    %ix/load 4, 1, 0;
    %ix/load 5, 0, 0;
    %flag_set/imm 4, 0;
    %assign/vec4/off/d v0x139ed10c0_0, 4, 5;
    %pushi/vec4 1, 0, 1;
    %ix/load 4, 0, 0;
    %ix/load 5, 0, 0;
    %flag_set/imm 4, 0;
    %assign/vec4/off/d v0x139ed10c0_0, 4, 5;
    %jmp T_25.17;
T_25.16 ;
    %load/vec4 v0x139ed1be0_0;
    %flag_set/vec4 8;
    %jmp/0xz  T_25.18, 8;
    %load/vec4 v0x139ed0bd0_0;
    %ix/load 4, 4, 0;
    %ix/load 5, 0, 0;
    %flag_set/imm 4, 0;
    %assign/vec4/off/d v0x139ed10c0_0, 4, 5;
    %pushi/vec4 7, 0, 3;
    %ix/load 4, 1, 0;
    %ix/load 5, 0, 0;
    %flag_set/imm 4, 0;
    %assign/vec4/off/d v0x139ed10c0_0, 4, 5;
    %pushi/vec4 0, 0, 1;
    %ix/load 4, 0, 0;
    %ix/load 5, 0, 0;
    %flag_set/imm 4, 0;
    %assign/vec4/off/d v0x139ed10c0_0, 4, 5;
T_25.18 ;
T_25.17 ;
T_25.15 ;
T_25.13 ;
T_25.11 ;
T_25.9 ;
T_25.3 ;
T_25.1 ;
    %jmp T_25;
    .thread T_25;
    .scope S_0x139e08500;
T_26 ;
    %wait E_0x139e5a3e0;
    %load/vec4 v0x139ed15f0_0;
    %flag_set/vec4 8;
    %jmp/0xz  T_26.0, 8;
    %load/vec4 v0x139ed0260_0;
    %store/vec4 v0x139ed0100_0, 0, 4;
    %jmp T_26.1;
T_26.0 ;
    %load/vec4 v0x139ed01d0_0;
    %store/vec4 v0x139ed0100_0, 0, 4;
T_26.1 ;
    %jmp T_26;
    .thread T_26, $push;
    .scope S_0x139e08500;
T_27 ;
    %wait E_0x139e40db0;
    %load/vec4 v0x139ed1150_0;
    %flag_set/vec4 8;
    %jmp/0xz  T_27.0, 8;
    %pushi/vec4 0, 0, 4;
    %assign/vec4 v0x139ed0530_0, 0;
    %pushi/vec4 0, 0, 1;
    %assign/vec4 v0x139ed04a0_0, 0;
    %jmp T_27.1;
T_27.0 ;
    %load/vec4 v0x139ed1c70_0;
    %flag_set/vec4 8;
    %jmp/0xz  T_27.2, 8;
    %load/vec4 v0x139ed2110_0;
    %parti/s 4, 4, 4;
    %assign/vec4 v0x139ed0530_0, 0;
    %pushi/vec4 1, 0, 1;
    %assign/vec4 v0x139ed04a0_0, 0;
    %jmp T_27.3;
T_27.2 ;
    %load/vec4 v0x139ed26e0_0;
    %flag_set/vec4 8;
    %jmp/0xz  T_27.4, 8;
    %pushi/vec4 0, 0, 1;
    %assign/vec4 v0x139ed04a0_0, 0;
T_27.4 ;
T_27.3 ;
T_27.1 ;
    %jmp T_27;
    .thread T_27;
    .scope S_0x139e08390;
T_28 ;
    %wait E_0x139e40db0;
    %load/vec4 v0x139ed8110_0;
    %assign/vec4 v0x139ed7ff0_0, 0;
    %load/vec4 v0x139ed7aa0_0;
    %assign/vec4 v0x139ed7be0_0, 0;
    %load/vec4 v0x139ed7ff0_0;
    %assign/vec4 v0x139ed7ee0_0, 0;
    %load/vec4 v0x139ed7be0_0;
    %assign/vec4 v0x139ed7b30_0, 0;
    %jmp T_28;
    .thread T_28;
# The file index is used to find the file name in the following table.
:file_names 5;
    "N/A";
    "<interactive>";
    "-";
    "chip.sv";
    "/Users/jaehyunlim/Documents/CMU/BobATC_tapeout/src/Bob.v";
